SF:/home/strandgate/Development/ecoPrimals/phase2/rhizoCrypt/crates/rhizo-crypt-core/src/clients/beardog.rs
FN:141,_RNCNvMs0_NtNtCsid3wTlZBOIR_16rhizo_crypt_core7clients7beardogNtB7_11DidDocument23get_verification_method0Bb_
FN:101,_RINvMs_NtNtCsid3wTlZBOIR_16rhizo_crypt_core7clients7beardogNtB5_13BearDogConfig13with_fallbackpEB9_
FN:437,_RNCNCNCNvMs1_NtNtCsid3wTlZBOIR_16rhizo_crypt_core7clients7beardogNtBb_13BearDogClient20discover_or_fallback0s_00Bf_
FN:431,_RNCNCNvMs1_NtNtCsid3wTlZBOIR_16rhizo_crypt_core7clients7beardogNtB9_13BearDogClient20discover_or_fallback00Bd_
FN:436,_RNCNCNvMs1_NtNtCsid3wTlZBOIR_16rhizo_crypt_core7clients7beardogNtB9_13BearDogClient20discover_or_fallback0s_0Bd_
FN:671,_RNCNvMs1_NtNtCsid3wTlZBOIR_16rhizo_crypt_core7clients7beardogNtB7_13BearDogClient10cache_size0Bb_
FN:444,_RNCNvMs1_NtNtCsid3wTlZBOIR_16rhizo_crypt_core7clients7beardogNtB7_13BearDogClient10disconnect0Bb_
FN:666,_RNCNvMs1_NtNtCsid3wTlZBOIR_16rhizo_crypt_core7clients7beardogNtB7_13BearDogClient11clear_cache0Bb_
FN:458,_RNCNvMs1_NtNtCsid3wTlZBOIR_16rhizo_crypt_core7clients7beardogNtB7_13BearDogClient11resolve_did0Bb_
FN:610,_RNCNvMs1_NtNtCsid3wTlZBOIR_16rhizo_crypt_core7clients7beardogNtB7_13BearDogClient11sign_vertex0Bb_
FN:340,_RNCNvMs1_NtNtCsid3wTlZBOIR_16rhizo_crypt_core7clients7beardogNtB7_13BearDogClient12is_connected0Bb_
FN:633,_RNCNvMs1_NtNtCsid3wTlZBOIR_16rhizo_crypt_core7clients7beardogNtB7_13BearDogClient16sign_attestation0Bb_
FN:417,_RNCNvMs1_NtNtCsid3wTlZBOIR_16rhizo_crypt_core7clients7beardogNtB7_13BearDogClient20discover_or_fallback0Bb_
FN:655,_RNCNvMs1_NtNtCsid3wTlZBOIR_16rhizo_crypt_core7clients7beardogNtB7_13BearDogClient23verify_vertex_signature0Bb_
FN:515,_RNCNvMs1_NtNtCsid3wTlZBOIR_16rhizo_crypt_core7clients7beardogNtB7_13BearDogClient4sign0Bb_
FN:335,_RNCNvMs1_NtNtCsid3wTlZBOIR_16rhizo_crypt_core7clients7beardogNtB7_13BearDogClient5state0Bb_
FN:563,_RNCNvMs1_NtNtCsid3wTlZBOIR_16rhizo_crypt_core7clients7beardogNtB7_13BearDogClient6verify0Bb_
FN:358,_RNCNvMs1_NtNtCsid3wTlZBOIR_16rhizo_crypt_core7clients7beardogNtB7_13BearDogClient7connect0Bb_
FN:676,_RNCNvMs1_NtNtCsid3wTlZBOIR_16rhizo_crypt_core7clients7beardogNtB7_13BearDogClient8endpoint0Bb_
FN:444,_RNCNvMs1_NtNtCs7YQQ0vypdx3_16rhizo_crypt_core7clients7beardogNtB7_13BearDogClient10disconnect0Bb_
FN:633,_RNCNvMs1_NtNtCs7YQQ0vypdx3_16rhizo_crypt_core7clients7beardogNtB7_13BearDogClient16sign_attestation0Bb_
FN:444,_RNvMs1_NtNtCs7YQQ0vypdx3_16rhizo_crypt_core7clients7beardogNtB5_13BearDogClient10disconnect
FN:629,_RNvMs1_NtNtCs7YQQ0vypdx3_16rhizo_crypt_core7clients7beardogNtB5_13BearDogClient16sign_attestation
FN:330,_RNvMs1_NtNtCs7YQQ0vypdx3_16rhizo_crypt_core7clients7beardogNtB5_13BearDogClient8from_env
FN:83,_RNvMs_NtNtCs7YQQ0vypdx3_16rhizo_crypt_core7clients7beardogNtB4_13BearDogConfig8from_env
FN:687,_RNvNtNtNtCs7YQQ0vypdx3_16rhizo_crypt_core7clients7beardog5testss_19test_config_default
FN:700,_RNvNtNtNtCs7YQQ0vypdx3_16rhizo_crypt_core7clients7beardog5testss_20test_client_creation
FN:743,_RNvNtNtNtCs7YQQ0vypdx3_16rhizo_crypt_core7clients7beardog5testss_21test_cache_operations
FN:713,_RNvNtNtNtCs7YQQ0vypdx3_16rhizo_crypt_core7clients7beardog5testss_25test_client_initial_state
FN:694,_RNvNtNtNtCs7YQQ0vypdx3_16rhizo_crypt_core7clients7beardog5testss_25test_config_with_fallback
FN:780,_RNvNtNtNtCs7YQQ0vypdx3_16rhizo_crypt_core7clients7beardog5testss_25test_did_document_methods
FN:706,_RNvNtNtNtCs7YQQ0vypdx3_16rhizo_crypt_core7clients7beardog5testss_26test_client_with_discovery
FN:721,_RNvNtNtNtCs7YQQ0vypdx3_16rhizo_crypt_core7clients7beardog5testss_28test_sign_without_connection
FN:735,_RNvNtNtNtCs7YQQ0vypdx3_16rhizo_crypt_core7clients7beardog5testss_29test_discovery_fallback_error
FN:759,_RNvNtNtNtCs7YQQ0vypdx3_16rhizo_crypt_core7clients7beardog5testss_30test_deterministic_sign_verify
FN:773,_RNvNtNtNtCs7YQQ0vypdx3_16rhizo_crypt_core7clients7beardog5testss_36test_signature_purpose_serialization
FN:101,_RINvMs_NtNtCs7YQQ0vypdx3_16rhizo_crypt_core7clients7beardogNtB5_13BearDogConfig13with_fallbackReEB9_
FN:437,_RNCNCNCNvMs1_NtNtCs7YQQ0vypdx3_16rhizo_crypt_core7clients7beardogNtBb_13BearDogClient20discover_or_fallback0s_00Bf_
FN:431,_RNCNCNvMs1_NtNtCs7YQQ0vypdx3_16rhizo_crypt_core7clients7beardogNtB9_13BearDogClient20discover_or_fallback00Bd_
FN:436,_RNCNCNvMs1_NtNtCs7YQQ0vypdx3_16rhizo_crypt_core7clients7beardogNtB9_13BearDogClient20discover_or_fallback0s_0Bd_
FN:141,_RNCNvMs0_NtNtCs7YQQ0vypdx3_16rhizo_crypt_core7clients7beardogNtB7_11DidDocument23get_verification_method0Bb_
FN:671,_RNCNvMs1_NtNtCs7YQQ0vypdx3_16rhizo_crypt_core7clients7beardogNtB7_13BearDogClient10cache_size0Bb_
FN:666,_RNCNvMs1_NtNtCs7YQQ0vypdx3_16rhizo_crypt_core7clients7beardogNtB7_13BearDogClient11clear_cache0Bb_
FN:458,_RNCNvMs1_NtNtCs7YQQ0vypdx3_16rhizo_crypt_core7clients7beardogNtB7_13BearDogClient11resolve_did0Bb_
FN:610,_RNCNvMs1_NtNtCs7YQQ0vypdx3_16rhizo_crypt_core7clients7beardogNtB7_13BearDogClient11sign_vertex0Bb_
FN:340,_RNCNvMs1_NtNtCs7YQQ0vypdx3_16rhizo_crypt_core7clients7beardogNtB7_13BearDogClient12is_connected0Bb_
FN:417,_RNCNvMs1_NtNtCs7YQQ0vypdx3_16rhizo_crypt_core7clients7beardogNtB7_13BearDogClient20discover_or_fallback0Bb_
FN:655,_RNCNvMs1_NtNtCs7YQQ0vypdx3_16rhizo_crypt_core7clients7beardogNtB7_13BearDogClient23verify_vertex_signature0Bb_
FN:515,_RNCNvMs1_NtNtCs7YQQ0vypdx3_16rhizo_crypt_core7clients7beardogNtB7_13BearDogClient4sign0Bb_
FN:335,_RNCNvMs1_NtNtCs7YQQ0vypdx3_16rhizo_crypt_core7clients7beardogNtB7_13BearDogClient5state0Bb_
FN:563,_RNCNvMs1_NtNtCs7YQQ0vypdx3_16rhizo_crypt_core7clients7beardogNtB7_13BearDogClient6verify0Bb_
FN:358,_RNCNvMs1_NtNtCs7YQQ0vypdx3_16rhizo_crypt_core7clients7beardogNtB7_13BearDogClient7connect0Bb_
FN:676,_RNCNvMs1_NtNtCs7YQQ0vypdx3_16rhizo_crypt_core7clients7beardogNtB7_13BearDogClient8endpoint0Bb_
FN:743,_RNCNvNtNtNtCs7YQQ0vypdx3_16rhizo_crypt_core7clients7beardog5testss_21test_cache_operations0B9_
FN:713,_RNCNvNtNtNtCs7YQQ0vypdx3_16rhizo_crypt_core7clients7beardog5testss_25test_client_initial_state0B9_
FN:721,_RNCNvNtNtNtCs7YQQ0vypdx3_16rhizo_crypt_core7clients7beardog5testss_28test_sign_without_connection0B9_
FN:735,_RNCNvNtNtNtCs7YQQ0vypdx3_16rhizo_crypt_core7clients7beardog5testss_29test_discovery_fallback_error0B9_
FN:759,_RNCNvNtNtNtCs7YQQ0vypdx3_16rhizo_crypt_core7clients7beardog5testss_30test_deterministic_sign_verify0B9_
FN:140,_RNvMs0_NtNtCs7YQQ0vypdx3_16rhizo_crypt_core7clients7beardogNtB5_11DidDocument23get_verification_method
FN:134,_RNvMs0_NtNtCs7YQQ0vypdx3_16rhizo_crypt_core7clients7beardogNtB5_11DidDocument27default_verification_method
FN:671,_RNvMs1_NtNtCs7YQQ0vypdx3_16rhizo_crypt_core7clients7beardogNtB5_13BearDogClient10cache_size
FN:666,_RNvMs1_NtNtCs7YQQ0vypdx3_16rhizo_crypt_core7clients7beardogNtB5_13BearDogClient11clear_cache
FN:458,_RNvMs1_NtNtCs7YQQ0vypdx3_16rhizo_crypt_core7clients7beardogNtB5_13BearDogClient11resolve_did
FN:610,_RNvMs1_NtNtCs7YQQ0vypdx3_16rhizo_crypt_core7clients7beardogNtB5_13BearDogClient11sign_vertex
FN:340,_RNvMs1_NtNtCs7YQQ0vypdx3_16rhizo_crypt_core7clients7beardogNtB5_13BearDogClient12is_connected
FN:324,_RNvMs1_NtNtCs7YQQ0vypdx3_16rhizo_crypt_core7clients7beardogNtB5_13BearDogClient13with_defaults
FN:296,_RNvMs1_NtNtCs7YQQ0vypdx3_16rhizo_crypt_core7clients7beardogNtB5_13BearDogClient14with_discovery
FN:417,_RNvMs1_NtNtCs7YQQ0vypdx3_16rhizo_crypt_core7clients7beardogNtB5_13BearDogClient20discover_or_fallback
FN:650,_RNvMs1_NtNtCs7YQQ0vypdx3_16rhizo_crypt_core7clients7beardogNtB5_13BearDogClient23verify_vertex_signature
FN:310,_RNvMs1_NtNtCs7YQQ0vypdx3_16rhizo_crypt_core7clients7beardogNtB5_13BearDogClient3new
FN:515,_RNvMs1_NtNtCs7YQQ0vypdx3_16rhizo_crypt_core7clients7beardogNtB5_13BearDogClient4sign
FN:335,_RNvMs1_NtNtCs7YQQ0vypdx3_16rhizo_crypt_core7clients7beardogNtB5_13BearDogClient5state
FN:563,_RNvMs1_NtNtCs7YQQ0vypdx3_16rhizo_crypt_core7clients7beardogNtB5_13BearDogClient6verify
FN:358,_RNvMs1_NtNtCs7YQQ0vypdx3_16rhizo_crypt_core7clients7beardogNtB5_13BearDogClient7connect
FN:676,_RNvMs1_NtNtCs7YQQ0vypdx3_16rhizo_crypt_core7clients7beardogNtB5_13BearDogClient8endpoint
FN:65,_RNvXNtNtCs7YQQ0vypdx3_16rhizo_crypt_core7clients7beardogNtB2_13BearDogConfigNtNtCs9sjCchOt1K7_4core7default7Default7default
FNDA:0,_RNCNvMs0_NtNtCsid3wTlZBOIR_16rhizo_crypt_core7clients7beardogNtB7_11DidDocument23get_verification_method0Bb_
FNDA:0,_RINvMs_NtNtCsid3wTlZBOIR_16rhizo_crypt_core7clients7beardogNtB5_13BearDogConfig13with_fallbackpEB9_
FNDA:0,_RNCNCNCNvMs1_NtNtCsid3wTlZBOIR_16rhizo_crypt_core7clients7beardogNtBb_13BearDogClient20discover_or_fallback0s_00Bf_
FNDA:0,_RNCNCNvMs1_NtNtCsid3wTlZBOIR_16rhizo_crypt_core7clients7beardogNtB9_13BearDogClient20discover_or_fallback00Bd_
FNDA:0,_RNCNCNvMs1_NtNtCsid3wTlZBOIR_16rhizo_crypt_core7clients7beardogNtB9_13BearDogClient20discover_or_fallback0s_0Bd_
FNDA:0,_RNCNvMs1_NtNtCsid3wTlZBOIR_16rhizo_crypt_core7clients7beardogNtB7_13BearDogClient10cache_size0Bb_
FNDA:0,_RNCNvMs1_NtNtCsid3wTlZBOIR_16rhizo_crypt_core7clients7beardogNtB7_13BearDogClient10disconnect0Bb_
FNDA:0,_RNCNvMs1_NtNtCsid3wTlZBOIR_16rhizo_crypt_core7clients7beardogNtB7_13BearDogClient11clear_cache0Bb_
FNDA:0,_RNCNvMs1_NtNtCsid3wTlZBOIR_16rhizo_crypt_core7clients7beardogNtB7_13BearDogClient11resolve_did0Bb_
FNDA:0,_RNCNvMs1_NtNtCsid3wTlZBOIR_16rhizo_crypt_core7clients7beardogNtB7_13BearDogClient11sign_vertex0Bb_
FNDA:0,_RNCNvMs1_NtNtCsid3wTlZBOIR_16rhizo_crypt_core7clients7beardogNtB7_13BearDogClient12is_connected0Bb_
FNDA:0,_RNCNvMs1_NtNtCsid3wTlZBOIR_16rhizo_crypt_core7clients7beardogNtB7_13BearDogClient16sign_attestation0Bb_
FNDA:0,_RNCNvMs1_NtNtCsid3wTlZBOIR_16rhizo_crypt_core7clients7beardogNtB7_13BearDogClient20discover_or_fallback0Bb_
FNDA:0,_RNCNvMs1_NtNtCsid3wTlZBOIR_16rhizo_crypt_core7clients7beardogNtB7_13BearDogClient23verify_vertex_signature0Bb_
FNDA:0,_RNCNvMs1_NtNtCsid3wTlZBOIR_16rhizo_crypt_core7clients7beardogNtB7_13BearDogClient4sign0Bb_
FNDA:0,_RNCNvMs1_NtNtCsid3wTlZBOIR_16rhizo_crypt_core7clients7beardogNtB7_13BearDogClient5state0Bb_
FNDA:0,_RNCNvMs1_NtNtCsid3wTlZBOIR_16rhizo_crypt_core7clients7beardogNtB7_13BearDogClient6verify0Bb_
FNDA:0,_RNCNvMs1_NtNtCsid3wTlZBOIR_16rhizo_crypt_core7clients7beardogNtB7_13BearDogClient7connect0Bb_
FNDA:0,_RNCNvMs1_NtNtCsid3wTlZBOIR_16rhizo_crypt_core7clients7beardogNtB7_13BearDogClient8endpoint0Bb_
FNDA:0,_RNCNvMs1_NtNtCs7YQQ0vypdx3_16rhizo_crypt_core7clients7beardogNtB7_13BearDogClient10disconnect0Bb_
FNDA:0,_RNCNvMs1_NtNtCs7YQQ0vypdx3_16rhizo_crypt_core7clients7beardogNtB7_13BearDogClient16sign_attestation0Bb_
FNDA:0,_RNvMs1_NtNtCs7YQQ0vypdx3_16rhizo_crypt_core7clients7beardogNtB5_13BearDogClient10disconnect
FNDA:0,_RNvMs1_NtNtCs7YQQ0vypdx3_16rhizo_crypt_core7clients7beardogNtB5_13BearDogClient16sign_attestation
FNDA:0,_RNvMs1_NtNtCs7YQQ0vypdx3_16rhizo_crypt_core7clients7beardogNtB5_13BearDogClient8from_env
FNDA:0,_RNvMs_NtNtCs7YQQ0vypdx3_16rhizo_crypt_core7clients7beardogNtB4_13BearDogConfig8from_env
FNDA:1,_RNvNtNtNtCs7YQQ0vypdx3_16rhizo_crypt_core7clients7beardog5testss_19test_config_default
FNDA:1,_RNvNtNtNtCs7YQQ0vypdx3_16rhizo_crypt_core7clients7beardog5testss_20test_client_creation
FNDA:1,_RNvNtNtNtCs7YQQ0vypdx3_16rhizo_crypt_core7clients7beardog5testss_21test_cache_operations
FNDA:1,_RNvNtNtNtCs7YQQ0vypdx3_16rhizo_crypt_core7clients7beardog5testss_25test_client_initial_state
FNDA:1,_RNvNtNtNtCs7YQQ0vypdx3_16rhizo_crypt_core7clients7beardog5testss_25test_config_with_fallback
FNDA:1,_RNvNtNtNtCs7YQQ0vypdx3_16rhizo_crypt_core7clients7beardog5testss_25test_did_document_methods
FNDA:1,_RNvNtNtNtCs7YQQ0vypdx3_16rhizo_crypt_core7clients7beardog5testss_26test_client_with_discovery
FNDA:1,_RNvNtNtNtCs7YQQ0vypdx3_16rhizo_crypt_core7clients7beardog5testss_28test_sign_without_connection
FNDA:1,_RNvNtNtNtCs7YQQ0vypdx3_16rhizo_crypt_core7clients7beardog5testss_29test_discovery_fallback_error
FNDA:1,_RNvNtNtNtCs7YQQ0vypdx3_16rhizo_crypt_core7clients7beardog5testss_30test_deterministic_sign_verify
FNDA:1,_RNvNtNtNtCs7YQQ0vypdx3_16rhizo_crypt_core7clients7beardog5testss_36test_signature_purpose_serialization
FNDA:1,_RINvMs_NtNtCs7YQQ0vypdx3_16rhizo_crypt_core7clients7beardogNtB5_13BearDogConfig13with_fallbackReEB9_
FNDA:0,_RNCNCNCNvMs1_NtNtCs7YQQ0vypdx3_16rhizo_crypt_core7clients7beardogNtBb_13BearDogClient20discover_or_fallback0s_00Bf_
FNDA:1,_RNCNCNvMs1_NtNtCs7YQQ0vypdx3_16rhizo_crypt_core7clients7beardogNtB9_13BearDogClient20discover_or_fallback00Bd_
FNDA:0,_RNCNCNvMs1_NtNtCs7YQQ0vypdx3_16rhizo_crypt_core7clients7beardogNtB9_13BearDogClient20discover_or_fallback0s_0Bd_
FNDA:2,_RNCNvMs0_NtNtCs7YQQ0vypdx3_16rhizo_crypt_core7clients7beardogNtB7_11DidDocument23get_verification_method0Bb_
FNDA:2,_RNCNvMs1_NtNtCs7YQQ0vypdx3_16rhizo_crypt_core7clients7beardogNtB7_13BearDogClient10cache_size0Bb_
FNDA:1,_RNCNvMs1_NtNtCs7YQQ0vypdx3_16rhizo_crypt_core7clients7beardogNtB7_13BearDogClient11clear_cache0Bb_
FNDA:1,_RNCNvMs1_NtNtCs7YQQ0vypdx3_16rhizo_crypt_core7clients7beardogNtB7_13BearDogClient11resolve_did0Bb_
FNDA:1,_RNCNvMs1_NtNtCs7YQQ0vypdx3_16rhizo_crypt_core7clients7beardogNtB7_13BearDogClient11sign_vertex0Bb_
FNDA:6,_RNCNvMs1_NtNtCs7YQQ0vypdx3_16rhizo_crypt_core7clients7beardogNtB7_13BearDogClient12is_connected0Bb_
FNDA:1,_RNCNvMs1_NtNtCs7YQQ0vypdx3_16rhizo_crypt_core7clients7beardogNtB7_13BearDogClient20discover_or_fallback0Bb_
FNDA:1,_RNCNvMs1_NtNtCs7YQQ0vypdx3_16rhizo_crypt_core7clients7beardogNtB7_13BearDogClient23verify_vertex_signature0Bb_
FNDA:2,_RNCNvMs1_NtNtCs7YQQ0vypdx3_16rhizo_crypt_core7clients7beardogNtB7_13BearDogClient4sign0Bb_
FNDA:1,_RNCNvMs1_NtNtCs7YQQ0vypdx3_16rhizo_crypt_core7clients7beardogNtB7_13BearDogClient5state0Bb_
FNDA:1,_RNCNvMs1_NtNtCs7YQQ0vypdx3_16rhizo_crypt_core7clients7beardogNtB7_13BearDogClient6verify0Bb_
FNDA:1,_RNCNvMs1_NtNtCs7YQQ0vypdx3_16rhizo_crypt_core7clients7beardogNtB7_13BearDogClient7connect0Bb_
FNDA:1,_RNCNvMs1_NtNtCs7YQQ0vypdx3_16rhizo_crypt_core7clients7beardogNtB7_13BearDogClient8endpoint0Bb_
FNDA:1,_RNCNvNtNtNtCs7YQQ0vypdx3_16rhizo_crypt_core7clients7beardog5testss_21test_cache_operations0B9_
FNDA:1,_RNCNvNtNtNtCs7YQQ0vypdx3_16rhizo_crypt_core7clients7beardog5testss_25test_client_initial_state0B9_
FNDA:1,_RNCNvNtNtNtCs7YQQ0vypdx3_16rhizo_crypt_core7clients7beardog5testss_28test_sign_without_connection0B9_
FNDA:1,_RNCNvNtNtNtCs7YQQ0vypdx3_16rhizo_crypt_core7clients7beardog5testss_29test_discovery_fallback_error0B9_
FNDA:1,_RNCNvNtNtNtCs7YQQ0vypdx3_16rhizo_crypt_core7clients7beardog5testss_30test_deterministic_sign_verify0B9_
FNDA:2,_RNvMs0_NtNtCs7YQQ0vypdx3_16rhizo_crypt_core7clients7beardogNtB5_11DidDocument23get_verification_method
FNDA:1,_RNvMs0_NtNtCs7YQQ0vypdx3_16rhizo_crypt_core7clients7beardogNtB5_11DidDocument27default_verification_method
FNDA:2,_RNvMs1_NtNtCs7YQQ0vypdx3_16rhizo_crypt_core7clients7beardogNtB5_13BearDogClient10cache_size
FNDA:1,_RNvMs1_NtNtCs7YQQ0vypdx3_16rhizo_crypt_core7clients7beardogNtB5_13BearDogClient11clear_cache
FNDA:1,_RNvMs1_NtNtCs7YQQ0vypdx3_16rhizo_crypt_core7clients7beardogNtB5_13BearDogClient11resolve_did
FNDA:1,_RNvMs1_NtNtCs7YQQ0vypdx3_16rhizo_crypt_core7clients7beardogNtB5_13BearDogClient11sign_vertex
FNDA:6,_RNvMs1_NtNtCs7YQQ0vypdx3_16rhizo_crypt_core7clients7beardogNtB5_13BearDogClient12is_connected
FNDA:5,_RNvMs1_NtNtCs7YQQ0vypdx3_16rhizo_crypt_core7clients7beardogNtB5_13BearDogClient13with_defaults
FNDA:1,_RNvMs1_NtNtCs7YQQ0vypdx3_16rhizo_crypt_core7clients7beardogNtB5_13BearDogClient14with_discovery
FNDA:1,_RNvMs1_NtNtCs7YQQ0vypdx3_16rhizo_crypt_core7clients7beardogNtB5_13BearDogClient20discover_or_fallback
FNDA:1,_RNvMs1_NtNtCs7YQQ0vypdx3_16rhizo_crypt_core7clients7beardogNtB5_13BearDogClient23verify_vertex_signature
FNDA:6,_RNvMs1_NtNtCs7YQQ0vypdx3_16rhizo_crypt_core7clients7beardogNtB5_13BearDogClient3new
FNDA:2,_RNvMs1_NtNtCs7YQQ0vypdx3_16rhizo_crypt_core7clients7beardogNtB5_13BearDogClient4sign
FNDA:1,_RNvMs1_NtNtCs7YQQ0vypdx3_16rhizo_crypt_core7clients7beardogNtB5_13BearDogClient5state
FNDA:1,_RNvMs1_NtNtCs7YQQ0vypdx3_16rhizo_crypt_core7clients7beardogNtB5_13BearDogClient6verify
FNDA:1,_RNvMs1_NtNtCs7YQQ0vypdx3_16rhizo_crypt_core7clients7beardogNtB5_13BearDogClient7connect
FNDA:1,_RNvMs1_NtNtCs7YQQ0vypdx3_16rhizo_crypt_core7clients7beardogNtB5_13BearDogClient8endpoint
FNDA:9,_RNvXNtNtCs7YQQ0vypdx3_16rhizo_crypt_core7clients7beardogNtB2_13BearDogConfigNtNtCs9sjCchOt1K7_4core7default7Default7default
FNF:57
FNH:49
DA:65,9
DA:66,9
DA:67,9
DA:68,9
DA:69,9
DA:70,9
DA:71,9
DA:72,9
DA:73,9
DA:83,0
DA:84,0
DA:86,0
DA:87,0
DA:88,0
DA:90,0
DA:91,0
DA:92,0
DA:93,0
DA:94,0
DA:96,0
DA:97,0
DA:101,1
DA:102,1
DA:103,1
DA:104,1
DA:105,1
DA:106,1
DA:134,1
DA:135,1
DA:136,1
DA:140,2
DA:141,2
DA:142,2
DA:296,1
DA:297,1
DA:298,1
DA:299,1
DA:300,1
DA:301,1
DA:302,1
DA:303,1
DA:304,1
DA:305,1
DA:306,1
DA:310,6
DA:311,6
DA:312,6
DA:313,6
DA:314,6
DA:315,6
DA:316,6
DA:317,6
DA:318,6
DA:319,6
DA:320,6
DA:324,5
DA:325,5
DA:326,5
DA:330,0
DA:331,0
DA:332,0
DA:335,1
DA:336,1
DA:337,1
DA:340,6
DA:341,6
DA:342,6
DA:358,1
DA:359,1
DA:360,0
DA:361,1
DA:362,1
DA:363,1
DA:366,1
DA:368,0
DA:371,0
DA:372,0
DA:373,0
DA:374,0
DA:375,0
DA:377,0
DA:378,0
DA:379,0
DA:380,0
DA:398,0
DA:400,0
DA:401,0
DA:403,0
DA:404,0
DA:405,0
DA:406,0
DA:409,0
DA:410,0
DA:411,0
DA:414,1
DA:417,1
DA:419,1
DA:420,0
DA:421,0
DA:422,0
DA:423,0
DA:424,0
DA:425,1
DA:428,1
DA:429,1
DA:430,1
DA:431,1
DA:432,1
DA:433,1
DA:434,1
DA:435,1
DA:436,1
DA:437,0
DA:438,0
DA:439,0
DA:440,1
DA:441,1
DA:444,0
DA:445,0
DA:446,0
DA:447,0
DA:448,0
DA:458,1
DA:459,1
DA:460,0
DA:461,1
DA:462,1
DA:463,1
DA:467,1
DA:468,1
DA:469,0
DA:470,0
DA:471,1
DA:472,1
DA:473,1
DA:474,1
DA:481,1
DA:482,1
DA:483,1
DA:484,1
DA:485,1
DA:486,1
DA:487,1
DA:488,1
DA:489,1
DA:490,1
DA:491,1
DA:492,1
DA:493,1
DA:494,1
DA:495,1
DA:496,1
DA:497,1
DA:498,1
DA:499,1
DA:500,1
DA:501,1
DA:502,0
DA:504,1
DA:505,1
DA:515,2
DA:516,2
DA:517,1
DA:518,1
DA:519,1
DA:520,1
DA:523,0
DA:524,0
DA:547,1
DA:548,1
DA:549,1
DA:550,1
DA:551,1
DA:552,1
DA:553,2
DA:563,1
DA:564,1
DA:565,0
DA:566,1
DA:567,1
DA:568,1
DA:570,0
DA:571,0
DA:593,1
DA:594,1
DA:595,1
DA:597,0
DA:599,1
DA:610,1
DA:611,1
DA:612,1
DA:613,1
DA:614,1
DA:615,1
DA:616,1
DA:617,1
DA:618,1
DA:629,0
DA:630,0
DA:631,0
DA:632,0
DA:633,0
DA:634,0
DA:635,0
DA:636,0
DA:637,0
DA:638,0
DA:639,0
DA:640,0
DA:641,0
DA:650,1
DA:651,1
DA:652,1
DA:653,1
DA:654,1
DA:655,1
DA:656,1
DA:657,1
DA:658,1
DA:659,1
DA:660,1
DA:661,1
DA:662,1
DA:663,1
DA:666,1
DA:667,1
DA:668,1
DA:671,2
DA:672,2
DA:673,2
DA:676,1
DA:677,1
DA:678,1
DA:687,1
DA:688,1
DA:689,1
DA:690,1
DA:691,1
DA:694,1
DA:695,1
DA:696,1
DA:697,1
DA:700,1
DA:701,1
DA:702,1
DA:703,1
DA:706,1
DA:707,1
DA:708,1
DA:709,1
DA:710,1
DA:713,1
DA:714,1
DA:715,1
DA:716,1
DA:717,1
DA:718,1
DA:721,1
DA:722,1
DA:723,1
DA:724,1
DA:725,1
DA:726,1
DA:727,1
DA:728,1
DA:729,1
DA:730,1
DA:731,1
DA:732,1
DA:735,1
DA:736,1
DA:737,1
DA:738,1
DA:739,1
DA:740,1
DA:743,1
DA:744,1
DA:745,1
DA:746,1
DA:747,1
DA:748,1
DA:749,1
DA:750,1
DA:751,1
DA:752,1
DA:753,1
DA:754,1
DA:755,1
DA:756,1
DA:759,1
DA:760,1
DA:761,1
DA:762,1
DA:763,1
DA:764,1
DA:765,1
DA:766,1
DA:767,1
DA:768,1
DA:769,1
DA:770,1
DA:773,1
DA:774,1
DA:775,1
DA:776,1
DA:777,1
DA:780,1
DA:781,1
DA:782,1
DA:783,1
DA:784,1
DA:785,1
DA:786,1
DA:787,1
DA:788,1
DA:789,1
DA:790,1
DA:791,1
DA:792,1
DA:793,1
DA:794,1
DA:795,1
DA:796,1
DA:797,1
DA:798,1
DA:799,1
BRF:0
BRH:0
LF:386
LH:308
end_of_record
SF:/home/strandgate/Development/ecoPrimals/phase2/rhizoCrypt/crates/rhizo-crypt-core/src/clients/loamspine.rs
FN:102,_RINvMs_NtNtCsid3wTlZBOIR_16rhizo_crypt_core7clients9loamspineNtB5_15LoamSpineConfig13with_fallbackpEB9_
FN:403,_RNCNCNCNvMs1_NtNtCsid3wTlZBOIR_16rhizo_crypt_core7clients9loamspineNtBb_15LoamSpineClient20discover_or_fallback0s_00Bf_
FN:397,_RNCNCNvMs1_NtNtCsid3wTlZBOIR_16rhizo_crypt_core7clients9loamspineNtB9_15LoamSpineClient20discover_or_fallback00Bd_
FN:402,_RNCNCNvMs1_NtNtCsid3wTlZBOIR_16rhizo_crypt_core7clients9loamspineNtB9_15LoamSpineClient20discover_or_fallback0s_0Bd_
FN:410,_RNCNvMs1_NtNtCsid3wTlZBOIR_16rhizo_crypt_core7clients9loamspineNtB7_15LoamSpineClient10disconnect0Bb_
FN:488,_RNCNvMs1_NtNtCsid3wTlZBOIR_16rhizo_crypt_core7clients9loamspineNtB7_15LoamSpineClient10get_commit0Bb_
FN:325,_RNCNvMs1_NtNtCsid3wTlZBOIR_16rhizo_crypt_core7clients9loamspineNtB7_15LoamSpineClient12is_connected0Bb_
FN:566,_RNCNvMs1_NtNtCsid3wTlZBOIR_16rhizo_crypt_core7clients9loamspineNtB7_15LoamSpineClient13clear_pending0Bb_
FN:561,_RNCNvMs1_NtNtCsid3wTlZBOIR_16rhizo_crypt_core7clients9loamspineNtB7_15LoamSpineClient13pending_count0Bb_
FN:550,_RNCNvMs1_NtNtCsid3wTlZBOIR_16rhizo_crypt_core7clients9loamspineNtB7_15LoamSpineClient14commit_session0Bb_
FN:466,_RNCNvMs1_NtNtCsid3wTlZBOIR_16rhizo_crypt_core7clients9loamspineNtB7_15LoamSpineClient17get_commit_status0Bb_
FN:383,_RNCNvMs1_NtNtCsid3wTlZBOIR_16rhizo_crypt_core7clients9loamspineNtB7_15LoamSpineClient20discover_or_fallback0Bb_
FN:320,_RNCNvMs1_NtNtCsid3wTlZBOIR_16rhizo_crypt_core7clients9loamspineNtB7_15LoamSpineClient5state0Bb_
FN:425,_RNCNvMs1_NtNtCsid3wTlZBOIR_16rhizo_crypt_core7clients9loamspineNtB7_15LoamSpineClient6commit0Bb_
FN:343,_RNCNvMs1_NtNtCsid3wTlZBOIR_16rhizo_crypt_core7clients9loamspineNtB7_15LoamSpineClient7connect0Bb_
FN:513,_RNCNvMs1_NtNtCsid3wTlZBOIR_16rhizo_crypt_core7clients9loamspineNtB7_15LoamSpineClient8checkout0Bb_
FN:571,_RNCNvMs1_NtNtCsid3wTlZBOIR_16rhizo_crypt_core7clients9loamspineNtB7_15LoamSpineClient8endpoint0Bb_
FN:140,_RNvMs0_NtNtCsid3wTlZBOIR_16rhizo_crypt_core7clients9loamspineNtB5_12CommitStatus10is_successB9_
FN:133,_RNvMs0_NtNtCsid3wTlZBOIR_16rhizo_crypt_core7clients9loamspineNtB5_12CommitStatus11is_terminalB9_
FN:410,_RNCNvMs1_NtNtCs7YQQ0vypdx3_16rhizo_crypt_core7clients9loamspineNtB7_15LoamSpineClient10disconnect0Bb_
FN:566,_RNCNvMs1_NtNtCs7YQQ0vypdx3_16rhizo_crypt_core7clients9loamspineNtB7_15LoamSpineClient13clear_pending0Bb_
FN:561,_RNCNvMs1_NtNtCs7YQQ0vypdx3_16rhizo_crypt_core7clients9loamspineNtB7_15LoamSpineClient13pending_count0Bb_
FN:513,_RNCNvMs1_NtNtCs7YQQ0vypdx3_16rhizo_crypt_core7clients9loamspineNtB7_15LoamSpineClient8checkout0Bb_
FN:410,_RNvMs1_NtNtCs7YQQ0vypdx3_16rhizo_crypt_core7clients9loamspineNtB5_15LoamSpineClient10disconnect
FN:566,_RNvMs1_NtNtCs7YQQ0vypdx3_16rhizo_crypt_core7clients9loamspineNtB5_15LoamSpineClient13clear_pending
FN:561,_RNvMs1_NtNtCs7YQQ0vypdx3_16rhizo_crypt_core7clients9loamspineNtB5_15LoamSpineClient13pending_count
FN:513,_RNvMs1_NtNtCs7YQQ0vypdx3_16rhizo_crypt_core7clients9loamspineNtB5_15LoamSpineClient8checkout
FN:315,_RNvMs1_NtNtCs7YQQ0vypdx3_16rhizo_crypt_core7clients9loamspineNtB5_15LoamSpineClient8from_env
FN:84,_RNvMs_NtNtCs7YQQ0vypdx3_16rhizo_crypt_core7clients9loamspineNtB4_15LoamSpineConfig8from_env
FN:140,_RNvMs0_NtNtCs7YQQ0vypdx3_16rhizo_crypt_core7clients9loamspineNtB5_12CommitStatus10is_successB9_
FN:133,_RNvMs0_NtNtCs7YQQ0vypdx3_16rhizo_crypt_core7clients9loamspineNtB5_12CommitStatus11is_terminalB9_
FN:488,_RNvMs1_NtNtCs7YQQ0vypdx3_16rhizo_crypt_core7clients9loamspineNtB5_15LoamSpineClient10get_commit
FN:325,_RNvMs1_NtNtCs7YQQ0vypdx3_16rhizo_crypt_core7clients9loamspineNtB5_15LoamSpineClient12is_connected
FN:309,_RNvMs1_NtNtCs7YQQ0vypdx3_16rhizo_crypt_core7clients9loamspineNtB5_15LoamSpineClient13with_defaults
FN:545,_RNvMs1_NtNtCs7YQQ0vypdx3_16rhizo_crypt_core7clients9loamspineNtB5_15LoamSpineClient14commit_session
FN:281,_RNvMs1_NtNtCs7YQQ0vypdx3_16rhizo_crypt_core7clients9loamspineNtB5_15LoamSpineClient14with_discovery
FN:466,_RNvMs1_NtNtCs7YQQ0vypdx3_16rhizo_crypt_core7clients9loamspineNtB5_15LoamSpineClient17get_commit_status
FN:383,_RNvMs1_NtNtCs7YQQ0vypdx3_16rhizo_crypt_core7clients9loamspineNtB5_15LoamSpineClient20discover_or_fallback
FN:295,_RNvMs1_NtNtCs7YQQ0vypdx3_16rhizo_crypt_core7clients9loamspineNtB5_15LoamSpineClient3new
FN:320,_RNvMs1_NtNtCs7YQQ0vypdx3_16rhizo_crypt_core7clients9loamspineNtB5_15LoamSpineClient5state
FN:425,_RNvMs1_NtNtCs7YQQ0vypdx3_16rhizo_crypt_core7clients9loamspineNtB5_15LoamSpineClient6commit
FN:343,_RNvMs1_NtNtCs7YQQ0vypdx3_16rhizo_crypt_core7clients9loamspineNtB5_15LoamSpineClient7connect
FN:571,_RNvMs1_NtNtCs7YQQ0vypdx3_16rhizo_crypt_core7clients9loamspineNtB5_15LoamSpineClient8endpoint
FN:66,_RNvXNtNtCs7YQQ0vypdx3_16rhizo_crypt_core7clients9loamspineNtB2_15LoamSpineConfigNtNtCs9sjCchOt1K7_4core7default7Default7default
FN:745,_RNCNvNtNtNtCs7YQQ0vypdx3_16rhizo_crypt_core7clients9loamspine5testss_22test_endpoint_tracking0B9_
FN:628,_RNCNvNtNtNtCs7YQQ0vypdx3_16rhizo_crypt_core7clients9loamspine5testss_25test_client_initial_state0B9_
FN:651,_RNCNvNtNtNtCs7YQQ0vypdx3_16rhizo_crypt_core7clients9loamspine5testss_29test_discovery_fallback_error0B9_
FN:635,_RNCNvNtNtNtCs7YQQ0vypdx3_16rhizo_crypt_core7clients9loamspine5testss_30test_commit_without_connection0B9_
FN:733,_RNCNvNtNtNtCs7YQQ0vypdx3_16rhizo_crypt_core7clients9loamspine5testss_31test_commit_session_convenience0B9_
FN:658,_RNCNvNtNtNtCs7YQQ0vypdx3_16rhizo_crypt_core7clients9loamspine5testss_32test_commit_with_mock_connection0B9_
FN:696,_RNCNvNtNtNtCs7YQQ0vypdx3_16rhizo_crypt_core7clients9loamspine5testss_34test_get_commit_without_connection0B9_
FN:703,_RNCNvNtNtNtCs7YQQ0vypdx3_16rhizo_crypt_core7clients9loamspine5testss_35test_get_commit_pending_integration0B9_
FN:715,_RNCNvNtNtNtCs7YQQ0vypdx3_16rhizo_crypt_core7clients9loamspine5testss_41test_get_commit_status_without_connection0B9_
FN:722,_RNCNvNtNtNtCs7YQQ0vypdx3_16rhizo_crypt_core7clients9loamspine5testss_43test_get_commit_status_with_mock_connection0B9_
FN:583,_RNvNtNtNtCs7YQQ0vypdx3_16rhizo_crypt_core7clients9loamspine5tests17make_test_summary
FN:601,_RNvNtNtNtCs7YQQ0vypdx3_16rhizo_crypt_core7clients9loamspine5testss_19test_config_default
FN:615,_RNvNtNtNtCs7YQQ0vypdx3_16rhizo_crypt_core7clients9loamspine5testss_20test_client_creation
FN:745,_RNvNtNtNtCs7YQQ0vypdx3_16rhizo_crypt_core7clients9loamspine5testss_22test_endpoint_tracking
FN:628,_RNvNtNtNtCs7YQQ0vypdx3_16rhizo_crypt_core7clients9loamspine5testss_25test_client_initial_state
FN:609,_RNvNtNtNtCs7YQQ0vypdx3_16rhizo_crypt_core7clients9loamspine5testss_25test_config_with_fallback
FN:621,_RNvNtNtNtCs7YQQ0vypdx3_16rhizo_crypt_core7clients9loamspine5testss_26test_client_with_discovery
FN:756,_RNvNtNtNtCs7YQQ0vypdx3_16rhizo_crypt_core7clients9loamspine5testss_26test_commit_request_fields
FN:680,_RNvNtNtNtCs7YQQ0vypdx3_16rhizo_crypt_core7clients9loamspine5testss_26test_commit_status_methods
FN:651,_RNvNtNtNtCs7YQQ0vypdx3_16rhizo_crypt_core7clients9loamspine5testss_29test_discovery_fallback_error
FN:635,_RNvNtNtNtCs7YQQ0vypdx3_16rhizo_crypt_core7clients9loamspine5testss_30test_commit_without_connection
FN:733,_RNvNtNtNtCs7YQQ0vypdx3_16rhizo_crypt_core7clients9loamspine5testss_31test_commit_session_convenience
FN:689,_RNvNtNtNtCs7YQQ0vypdx3_16rhizo_crypt_core7clients9loamspine5testss_32test_commit_status_serialization
FN:658,_RNvNtNtNtCs7YQQ0vypdx3_16rhizo_crypt_core7clients9loamspine5testss_32test_commit_with_mock_connection
FN:696,_RNvNtNtNtCs7YQQ0vypdx3_16rhizo_crypt_core7clients9loamspine5testss_34test_get_commit_without_connection
FN:703,_RNvNtNtNtCs7YQQ0vypdx3_16rhizo_crypt_core7clients9loamspine5testss_35test_get_commit_pending_integration
FN:715,_RNvNtNtNtCs7YQQ0vypdx3_16rhizo_crypt_core7clients9loamspine5testss_41test_get_commit_status_without_connection
FN:722,_RNvNtNtNtCs7YQQ0vypdx3_16rhizo_crypt_core7clients9loamspine5testss_43test_get_commit_status_with_mock_connection
FN:102,_RINvMs_NtNtCs7YQQ0vypdx3_16rhizo_crypt_core7clients9loamspineNtB5_15LoamSpineConfig13with_fallbackReEB9_
FN:403,_RNCNCNCNvMs1_NtNtCs7YQQ0vypdx3_16rhizo_crypt_core7clients9loamspineNtBb_15LoamSpineClient20discover_or_fallback0s_00Bf_
FN:397,_RNCNCNvMs1_NtNtCs7YQQ0vypdx3_16rhizo_crypt_core7clients9loamspineNtB9_15LoamSpineClient20discover_or_fallback00Bd_
FN:402,_RNCNCNvMs1_NtNtCs7YQQ0vypdx3_16rhizo_crypt_core7clients9loamspineNtB9_15LoamSpineClient20discover_or_fallback0s_0Bd_
FN:488,_RNCNvMs1_NtNtCs7YQQ0vypdx3_16rhizo_crypt_core7clients9loamspineNtB7_15LoamSpineClient10get_commit0Bb_
FN:325,_RNCNvMs1_NtNtCs7YQQ0vypdx3_16rhizo_crypt_core7clients9loamspineNtB7_15LoamSpineClient12is_connected0Bb_
FN:550,_RNCNvMs1_NtNtCs7YQQ0vypdx3_16rhizo_crypt_core7clients9loamspineNtB7_15LoamSpineClient14commit_session0Bb_
FN:466,_RNCNvMs1_NtNtCs7YQQ0vypdx3_16rhizo_crypt_core7clients9loamspineNtB7_15LoamSpineClient17get_commit_status0Bb_
FN:383,_RNCNvMs1_NtNtCs7YQQ0vypdx3_16rhizo_crypt_core7clients9loamspineNtB7_15LoamSpineClient20discover_or_fallback0Bb_
FN:320,_RNCNvMs1_NtNtCs7YQQ0vypdx3_16rhizo_crypt_core7clients9loamspineNtB7_15LoamSpineClient5state0Bb_
FN:425,_RNCNvMs1_NtNtCs7YQQ0vypdx3_16rhizo_crypt_core7clients9loamspineNtB7_15LoamSpineClient6commit0Bb_
FN:343,_RNCNvMs1_NtNtCs7YQQ0vypdx3_16rhizo_crypt_core7clients9loamspineNtB7_15LoamSpineClient7connect0Bb_
FN:571,_RNCNvMs1_NtNtCs7YQQ0vypdx3_16rhizo_crypt_core7clients9loamspineNtB7_15LoamSpineClient8endpoint0Bb_
FNDA:0,_RINvMs_NtNtCsid3wTlZBOIR_16rhizo_crypt_core7clients9loamspineNtB5_15LoamSpineConfig13with_fallbackpEB9_
FNDA:0,_RNCNCNCNvMs1_NtNtCsid3wTlZBOIR_16rhizo_crypt_core7clients9loamspineNtBb_15LoamSpineClient20discover_or_fallback0s_00Bf_
FNDA:0,_RNCNCNvMs1_NtNtCsid3wTlZBOIR_16rhizo_crypt_core7clients9loamspineNtB9_15LoamSpineClient20discover_or_fallback00Bd_
FNDA:0,_RNCNCNvMs1_NtNtCsid3wTlZBOIR_16rhizo_crypt_core7clients9loamspineNtB9_15LoamSpineClient20discover_or_fallback0s_0Bd_
FNDA:0,_RNCNvMs1_NtNtCsid3wTlZBOIR_16rhizo_crypt_core7clients9loamspineNtB7_15LoamSpineClient10disconnect0Bb_
FNDA:0,_RNCNvMs1_NtNtCsid3wTlZBOIR_16rhizo_crypt_core7clients9loamspineNtB7_15LoamSpineClient10get_commit0Bb_
FNDA:0,_RNCNvMs1_NtNtCsid3wTlZBOIR_16rhizo_crypt_core7clients9loamspineNtB7_15LoamSpineClient12is_connected0Bb_
FNDA:0,_RNCNvMs1_NtNtCsid3wTlZBOIR_16rhizo_crypt_core7clients9loamspineNtB7_15LoamSpineClient13clear_pending0Bb_
FNDA:0,_RNCNvMs1_NtNtCsid3wTlZBOIR_16rhizo_crypt_core7clients9loamspineNtB7_15LoamSpineClient13pending_count0Bb_
FNDA:0,_RNCNvMs1_NtNtCsid3wTlZBOIR_16rhizo_crypt_core7clients9loamspineNtB7_15LoamSpineClient14commit_session0Bb_
FNDA:0,_RNCNvMs1_NtNtCsid3wTlZBOIR_16rhizo_crypt_core7clients9loamspineNtB7_15LoamSpineClient17get_commit_status0Bb_
FNDA:0,_RNCNvMs1_NtNtCsid3wTlZBOIR_16rhizo_crypt_core7clients9loamspineNtB7_15LoamSpineClient20discover_or_fallback0Bb_
FNDA:0,_RNCNvMs1_NtNtCsid3wTlZBOIR_16rhizo_crypt_core7clients9loamspineNtB7_15LoamSpineClient5state0Bb_
FNDA:0,_RNCNvMs1_NtNtCsid3wTlZBOIR_16rhizo_crypt_core7clients9loamspineNtB7_15LoamSpineClient6commit0Bb_
FNDA:0,_RNCNvMs1_NtNtCsid3wTlZBOIR_16rhizo_crypt_core7clients9loamspineNtB7_15LoamSpineClient7connect0Bb_
FNDA:0,_RNCNvMs1_NtNtCsid3wTlZBOIR_16rhizo_crypt_core7clients9loamspineNtB7_15LoamSpineClient8checkout0Bb_
FNDA:0,_RNCNvMs1_NtNtCsid3wTlZBOIR_16rhizo_crypt_core7clients9loamspineNtB7_15LoamSpineClient8endpoint0Bb_
FNDA:0,_RNvMs0_NtNtCsid3wTlZBOIR_16rhizo_crypt_core7clients9loamspineNtB5_12CommitStatus10is_successB9_
FNDA:0,_RNvMs0_NtNtCsid3wTlZBOIR_16rhizo_crypt_core7clients9loamspineNtB5_12CommitStatus11is_terminalB9_
FNDA:0,_RNCNvMs1_NtNtCs7YQQ0vypdx3_16rhizo_crypt_core7clients9loamspineNtB7_15LoamSpineClient10disconnect0Bb_
FNDA:0,_RNCNvMs1_NtNtCs7YQQ0vypdx3_16rhizo_crypt_core7clients9loamspineNtB7_15LoamSpineClient13clear_pending0Bb_
FNDA:0,_RNCNvMs1_NtNtCs7YQQ0vypdx3_16rhizo_crypt_core7clients9loamspineNtB7_15LoamSpineClient13pending_count0Bb_
FNDA:0,_RNCNvMs1_NtNtCs7YQQ0vypdx3_16rhizo_crypt_core7clients9loamspineNtB7_15LoamSpineClient8checkout0Bb_
FNDA:0,_RNvMs1_NtNtCs7YQQ0vypdx3_16rhizo_crypt_core7clients9loamspineNtB5_15LoamSpineClient10disconnect
FNDA:0,_RNvMs1_NtNtCs7YQQ0vypdx3_16rhizo_crypt_core7clients9loamspineNtB5_15LoamSpineClient13clear_pending
FNDA:0,_RNvMs1_NtNtCs7YQQ0vypdx3_16rhizo_crypt_core7clients9loamspineNtB5_15LoamSpineClient13pending_count
FNDA:0,_RNvMs1_NtNtCs7YQQ0vypdx3_16rhizo_crypt_core7clients9loamspineNtB5_15LoamSpineClient8checkout
FNDA:0,_RNvMs1_NtNtCs7YQQ0vypdx3_16rhizo_crypt_core7clients9loamspineNtB5_15LoamSpineClient8from_env
FNDA:0,_RNvMs_NtNtCs7YQQ0vypdx3_16rhizo_crypt_core7clients9loamspineNtB4_15LoamSpineConfig8from_env
FNDA:2,_RNvMs0_NtNtCs7YQQ0vypdx3_16rhizo_crypt_core7clients9loamspineNtB5_12CommitStatus10is_successB9_
FNDA:3,_RNvMs0_NtNtCs7YQQ0vypdx3_16rhizo_crypt_core7clients9loamspineNtB5_12CommitStatus11is_terminalB9_
FNDA:2,_RNvMs1_NtNtCs7YQQ0vypdx3_16rhizo_crypt_core7clients9loamspineNtB5_15LoamSpineClient10get_commit
FNDA:9,_RNvMs1_NtNtCs7YQQ0vypdx3_16rhizo_crypt_core7clients9loamspineNtB5_15LoamSpineClient12is_connected
FNDA:10,_RNvMs1_NtNtCs7YQQ0vypdx3_16rhizo_crypt_core7clients9loamspineNtB5_15LoamSpineClient13with_defaults
FNDA:1,_RNvMs1_NtNtCs7YQQ0vypdx3_16rhizo_crypt_core7clients9loamspineNtB5_15LoamSpineClient14commit_session
FNDA:1,_RNvMs1_NtNtCs7YQQ0vypdx3_16rhizo_crypt_core7clients9loamspineNtB5_15LoamSpineClient14with_discovery
FNDA:2,_RNvMs1_NtNtCs7YQQ0vypdx3_16rhizo_crypt_core7clients9loamspineNtB5_15LoamSpineClient17get_commit_status
FNDA:1,_RNvMs1_NtNtCs7YQQ0vypdx3_16rhizo_crypt_core7clients9loamspineNtB5_15LoamSpineClient20discover_or_fallback
FNDA:11,_RNvMs1_NtNtCs7YQQ0vypdx3_16rhizo_crypt_core7clients9loamspineNtB5_15LoamSpineClient3new
FNDA:1,_RNvMs1_NtNtCs7YQQ0vypdx3_16rhizo_crypt_core7clients9loamspineNtB5_15LoamSpineClient5state
FNDA:3,_RNvMs1_NtNtCs7YQQ0vypdx3_16rhizo_crypt_core7clients9loamspineNtB5_15LoamSpineClient6commit
FNDA:1,_RNvMs1_NtNtCs7YQQ0vypdx3_16rhizo_crypt_core7clients9loamspineNtB5_15LoamSpineClient7connect
FNDA:2,_RNvMs1_NtNtCs7YQQ0vypdx3_16rhizo_crypt_core7clients9loamspineNtB5_15LoamSpineClient8endpoint
FNDA:14,_RNvXNtNtCs7YQQ0vypdx3_16rhizo_crypt_core7clients9loamspineNtB2_15LoamSpineConfigNtNtCs9sjCchOt1K7_4core7default7Default7default
FNDA:1,_RNCNvNtNtNtCs7YQQ0vypdx3_16rhizo_crypt_core7clients9loamspine5testss_22test_endpoint_tracking0B9_
FNDA:1,_RNCNvNtNtNtCs7YQQ0vypdx3_16rhizo_crypt_core7clients9loamspine5testss_25test_client_initial_state0B9_
FNDA:1,_RNCNvNtNtNtCs7YQQ0vypdx3_16rhizo_crypt_core7clients9loamspine5testss_29test_discovery_fallback_error0B9_
FNDA:1,_RNCNvNtNtNtCs7YQQ0vypdx3_16rhizo_crypt_core7clients9loamspine5testss_30test_commit_without_connection0B9_
FNDA:1,_RNCNvNtNtNtCs7YQQ0vypdx3_16rhizo_crypt_core7clients9loamspine5testss_31test_commit_session_convenience0B9_
FNDA:1,_RNCNvNtNtNtCs7YQQ0vypdx3_16rhizo_crypt_core7clients9loamspine5testss_32test_commit_with_mock_connection0B9_
FNDA:1,_RNCNvNtNtNtCs7YQQ0vypdx3_16rhizo_crypt_core7clients9loamspine5testss_34test_get_commit_without_connection0B9_
FNDA:1,_RNCNvNtNtNtCs7YQQ0vypdx3_16rhizo_crypt_core7clients9loamspine5testss_35test_get_commit_pending_integration0B9_
FNDA:1,_RNCNvNtNtNtCs7YQQ0vypdx3_16rhizo_crypt_core7clients9loamspine5testss_41test_get_commit_status_without_connection0B9_
FNDA:1,_RNCNvNtNtNtCs7YQQ0vypdx3_16rhizo_crypt_core7clients9loamspine5testss_43test_get_commit_status_with_mock_connection0B9_
FNDA:4,_RNvNtNtNtCs7YQQ0vypdx3_16rhizo_crypt_core7clients9loamspine5tests17make_test_summary
FNDA:1,_RNvNtNtNtCs7YQQ0vypdx3_16rhizo_crypt_core7clients9loamspine5testss_19test_config_default
FNDA:1,_RNvNtNtNtCs7YQQ0vypdx3_16rhizo_crypt_core7clients9loamspine5testss_20test_client_creation
FNDA:1,_RNvNtNtNtCs7YQQ0vypdx3_16rhizo_crypt_core7clients9loamspine5testss_22test_endpoint_tracking
FNDA:1,_RNvNtNtNtCs7YQQ0vypdx3_16rhizo_crypt_core7clients9loamspine5testss_25test_client_initial_state
FNDA:1,_RNvNtNtNtCs7YQQ0vypdx3_16rhizo_crypt_core7clients9loamspine5testss_25test_config_with_fallback
FNDA:1,_RNvNtNtNtCs7YQQ0vypdx3_16rhizo_crypt_core7clients9loamspine5testss_26test_client_with_discovery
FNDA:1,_RNvNtNtNtCs7YQQ0vypdx3_16rhizo_crypt_core7clients9loamspine5testss_26test_commit_request_fields
FNDA:1,_RNvNtNtNtCs7YQQ0vypdx3_16rhizo_crypt_core7clients9loamspine5testss_26test_commit_status_methods
FNDA:1,_RNvNtNtNtCs7YQQ0vypdx3_16rhizo_crypt_core7clients9loamspine5testss_29test_discovery_fallback_error
FNDA:1,_RNvNtNtNtCs7YQQ0vypdx3_16rhizo_crypt_core7clients9loamspine5testss_30test_commit_without_connection
FNDA:1,_RNvNtNtNtCs7YQQ0vypdx3_16rhizo_crypt_core7clients9loamspine5testss_31test_commit_session_convenience
FNDA:1,_RNvNtNtNtCs7YQQ0vypdx3_16rhizo_crypt_core7clients9loamspine5testss_32test_commit_status_serialization
FNDA:1,_RNvNtNtNtCs7YQQ0vypdx3_16rhizo_crypt_core7clients9loamspine5testss_32test_commit_with_mock_connection
FNDA:1,_RNvNtNtNtCs7YQQ0vypdx3_16rhizo_crypt_core7clients9loamspine5testss_34test_get_commit_without_connection
FNDA:1,_RNvNtNtNtCs7YQQ0vypdx3_16rhizo_crypt_core7clients9loamspine5testss_35test_get_commit_pending_integration
FNDA:1,_RNvNtNtNtCs7YQQ0vypdx3_16rhizo_crypt_core7clients9loamspine5testss_41test_get_commit_status_without_connection
FNDA:1,_RNvNtNtNtCs7YQQ0vypdx3_16rhizo_crypt_core7clients9loamspine5testss_43test_get_commit_status_with_mock_connection
FNDA:1,_RINvMs_NtNtCs7YQQ0vypdx3_16rhizo_crypt_core7clients9loamspineNtB5_15LoamSpineConfig13with_fallbackReEB9_
FNDA:0,_RNCNCNCNvMs1_NtNtCs7YQQ0vypdx3_16rhizo_crypt_core7clients9loamspineNtBb_15LoamSpineClient20discover_or_fallback0s_00Bf_
FNDA:1,_RNCNCNvMs1_NtNtCs7YQQ0vypdx3_16rhizo_crypt_core7clients9loamspineNtB9_15LoamSpineClient20discover_or_fallback00Bd_
FNDA:0,_RNCNCNvMs1_NtNtCs7YQQ0vypdx3_16rhizo_crypt_core7clients9loamspineNtB9_15LoamSpineClient20discover_or_fallback0s_0Bd_
FNDA:2,_RNCNvMs1_NtNtCs7YQQ0vypdx3_16rhizo_crypt_core7clients9loamspineNtB7_15LoamSpineClient10get_commit0Bb_
FNDA:9,_RNCNvMs1_NtNtCs7YQQ0vypdx3_16rhizo_crypt_core7clients9loamspineNtB7_15LoamSpineClient12is_connected0Bb_
FNDA:1,_RNCNvMs1_NtNtCs7YQQ0vypdx3_16rhizo_crypt_core7clients9loamspineNtB7_15LoamSpineClient14commit_session0Bb_
FNDA:2,_RNCNvMs1_NtNtCs7YQQ0vypdx3_16rhizo_crypt_core7clients9loamspineNtB7_15LoamSpineClient17get_commit_status0Bb_
FNDA:1,_RNCNvMs1_NtNtCs7YQQ0vypdx3_16rhizo_crypt_core7clients9loamspineNtB7_15LoamSpineClient20discover_or_fallback0Bb_
FNDA:1,_RNCNvMs1_NtNtCs7YQQ0vypdx3_16rhizo_crypt_core7clients9loamspineNtB7_15LoamSpineClient5state0Bb_
FNDA:3,_RNCNvMs1_NtNtCs7YQQ0vypdx3_16rhizo_crypt_core7clients9loamspineNtB7_15LoamSpineClient6commit0Bb_
FNDA:1,_RNCNvMs1_NtNtCs7YQQ0vypdx3_16rhizo_crypt_core7clients9loamspineNtB7_15LoamSpineClient7connect0Bb_
FNDA:2,_RNCNvMs1_NtNtCs7YQQ0vypdx3_16rhizo_crypt_core7clients9loamspineNtB7_15LoamSpineClient8endpoint0Bb_
FNF:66
FNH:54
DA:66,14
DA:67,14
DA:68,14
DA:69,14
DA:70,14
DA:71,14
DA:72,14
DA:73,14
DA:74,14
DA:84,0
DA:85,0
DA:87,0
DA:88,0
DA:89,0
DA:91,0
DA:92,0
DA:93,0
DA:94,0
DA:95,0
DA:97,0
DA:98,0
DA:102,1
DA:103,1
DA:104,1
DA:105,1
DA:106,1
DA:107,1
DA:133,3
DA:134,3
DA:135,3
DA:140,2
DA:141,2
DA:142,2
DA:281,1
DA:282,1
DA:283,1
DA:284,1
DA:285,1
DA:286,1
DA:287,1
DA:288,1
DA:289,1
DA:290,1
DA:291,1
DA:295,11
DA:296,11
DA:297,11
DA:298,11
DA:299,11
DA:300,11
DA:301,11
DA:302,11
DA:303,11
DA:304,11
DA:305,11
DA:309,10
DA:310,10
DA:311,10
DA:315,0
DA:316,0
DA:317,0
DA:320,1
DA:321,1
DA:322,1
DA:325,9
DA:326,9
DA:327,9
DA:343,1
DA:344,1
DA:345,0
DA:346,1
DA:347,1
DA:348,1
DA:351,1
DA:353,0
DA:356,0
DA:357,0
DA:358,0
DA:359,0
DA:360,0
DA:362,0
DA:363,0
DA:364,0
DA:365,0
DA:366,0
DA:367,0
DA:369,0
DA:370,0
DA:371,0
DA:372,0
DA:375,0
DA:376,0
DA:377,0
DA:380,1
DA:383,1
DA:385,1
DA:386,0
DA:387,0
DA:388,0
DA:389,0
DA:390,0
DA:391,1
DA:394,1
DA:395,1
DA:396,1
DA:397,1
DA:398,1
DA:399,1
DA:400,1
DA:401,1
DA:402,1
DA:403,0
DA:404,0
DA:405,0
DA:406,1
DA:407,1
DA:410,0
DA:411,0
DA:412,0
DA:413,0
DA:414,0
DA:425,3
DA:426,3
DA:427,1
DA:428,2
DA:429,2
DA:430,2
DA:434,0
DA:442,2
DA:443,2
DA:444,2
DA:445,2
DA:446,2
DA:447,2
DA:448,2
DA:449,2
DA:450,2
DA:452,0
DA:455,2
DA:456,3
DA:466,2
DA:467,2
DA:468,1
DA:469,1
DA:470,1
DA:471,1
DA:477,1
DA:478,2
DA:488,2
DA:489,2
DA:490,1
DA:491,1
DA:492,1
DA:493,1
DA:499,1
DA:500,1
DA:501,1
DA:502,2
DA:513,0
DA:514,0
DA:515,0
DA:516,0
DA:517,0
DA:518,0
DA:521,0
DA:528,0
DA:529,0
DA:530,0
DA:531,0
DA:532,0
DA:533,0
DA:534,0
DA:545,1
DA:546,1
DA:547,1
DA:548,1
DA:549,1
DA:550,1
DA:551,1
DA:552,1
DA:553,1
DA:554,1
DA:555,1
DA:556,1
DA:557,1
DA:558,1
DA:561,0
DA:562,0
DA:563,0
DA:566,0
DA:567,0
DA:568,0
DA:571,2
DA:572,2
DA:573,2
DA:583,4
DA:584,4
DA:585,4
DA:586,4
DA:587,4
DA:588,4
DA:589,4
DA:590,4
DA:591,4
DA:592,4
DA:593,4
DA:594,4
DA:595,4
DA:596,4
DA:597,4
DA:598,4
DA:601,1
DA:602,1
DA:603,1
DA:604,1
DA:605,1
DA:606,1
DA:609,1
DA:610,1
DA:611,1
DA:612,1
DA:615,1
DA:616,1
DA:617,1
DA:618,1
DA:621,1
DA:622,1
DA:623,1
DA:624,1
DA:625,1
DA:628,1
DA:629,1
DA:630,1
DA:631,1
DA:632,1
DA:635,1
DA:636,1
DA:637,1
DA:638,1
DA:639,1
DA:640,1
DA:641,1
DA:642,1
DA:643,1
DA:644,1
DA:645,1
DA:646,1
DA:647,1
DA:648,1
DA:651,1
DA:652,1
DA:653,1
DA:654,1
DA:655,1
DA:658,1
DA:659,1
DA:660,1
DA:661,1
DA:662,1
DA:663,1
DA:664,1
DA:665,1
DA:666,1
DA:667,1
DA:668,1
DA:669,1
DA:670,1
DA:671,1
DA:672,1
DA:673,1
DA:674,1
DA:675,1
DA:676,1
DA:677,1
DA:680,1
DA:681,1
DA:682,1
DA:683,1
DA:684,1
DA:685,1
DA:686,1
DA:689,1
DA:690,1
DA:691,1
DA:692,1
DA:693,1
DA:696,1
DA:697,1
DA:698,1
DA:699,1
DA:700,1
DA:703,1
DA:704,1
DA:705,1
DA:706,1
DA:707,1
DA:708,1
DA:709,1
DA:710,1
DA:711,1
DA:712,1
DA:715,1
DA:716,1
DA:717,1
DA:718,1
DA:719,1
DA:722,1
DA:723,1
DA:724,1
DA:725,1
DA:726,1
DA:727,1
DA:728,1
DA:729,1
DA:730,1
DA:733,1
DA:734,1
DA:735,1
DA:736,1
DA:737,1
DA:738,1
DA:739,1
DA:740,1
DA:741,1
DA:742,1
DA:745,1
DA:746,1
DA:747,1
DA:748,1
DA:749,1
DA:750,1
DA:751,1
DA:752,1
DA:753,1
DA:756,1
DA:757,1
DA:758,1
DA:759,1
DA:760,1
DA:761,1
DA:762,1
DA:763,1
DA:764,1
DA:765,1
DA:766,1
DA:767,1
BRF:0
BRH:0
LF:434
LH:356
end_of_record
SF:/home/strandgate/Development/ecoPrimals/phase2/rhizoCrypt/crates/rhizo-crypt-core/src/clients/nestgate.rs
FN:113,_RINvMs_NtNtCsid3wTlZBOIR_16rhizo_crypt_core7clients8nestgateNtB5_14NestGateConfig13with_fallbackpEB9_
FN:410,_RNCNCNCNvMs0_NtNtCsid3wTlZBOIR_16rhizo_crypt_core7clients8nestgateNtBb_14NestGateClient20discover_or_fallback0s_00Bf_
FN:404,_RNCNCNvMs0_NtNtCsid3wTlZBOIR_16rhizo_crypt_core7clients8nestgateNtB9_14NestGateClient20discover_or_fallback00Bd_
FN:409,_RNCNCNvMs0_NtNtCsid3wTlZBOIR_16rhizo_crypt_core7clients8nestgateNtB9_14NestGateClient20discover_or_fallback0s_0Bd_
FN:632,_RNCNvMs0_NtNtCsid3wTlZBOIR_16rhizo_crypt_core7clients8nestgateNtB7_14NestGateClient10cache_size0Bb_
FN:417,_RNCNvMs0_NtNtCsid3wTlZBOIR_16rhizo_crypt_core7clients8nestgateNtB7_14NestGateClient10disconnect0Bb_
FN:627,_RNCNvMs0_NtNtCsid3wTlZBOIR_16rhizo_crypt_core7clients8nestgateNtB7_14NestGateClient11clear_cache0Bb_
FN:314,_RNCNvMs0_NtNtCsid3wTlZBOIR_16rhizo_crypt_core7clients8nestgateNtB7_14NestGateClient12is_connected0Bb_
FN:390,_RNCNvMs0_NtNtCsid3wTlZBOIR_16rhizo_crypt_core7clients8nestgateNtB7_14NestGateClient20discover_or_fallback0Bb_
FN:616,_RNCNvMs0_NtNtCsid3wTlZBOIR_16rhizo_crypt_core7clients8nestgateNtB7_14NestGateClient20store_vertex_payload0Bb_
FN:309,_RNCNvMs0_NtNtCsid3wTlZBOIR_16rhizo_crypt_core7clients8nestgateNtB7_14NestGateClient5state0Bb_
FN:433,_RNCNvMs0_NtNtCsid3wTlZBOIR_16rhizo_crypt_core7clients8nestgateNtB7_14NestGateClient5store0Bb_
FN:585,_RNCNvMs0_NtNtCsid3wTlZBOIR_16rhizo_crypt_core7clients8nestgateNtB7_14NestGateClient6delete0Bb_
FN:537,_RNCNvMs0_NtNtCsid3wTlZBOIR_16rhizo_crypt_core7clients8nestgateNtB7_14NestGateClient6exists0Bb_
FN:332,_RNCNvMs0_NtNtCsid3wTlZBOIR_16rhizo_crypt_core7clients8nestgateNtB7_14NestGateClient7connect0Bb_
FN:637,_RNCNvMs0_NtNtCsid3wTlZBOIR_16rhizo_crypt_core7clients8nestgateNtB7_14NestGateClient8endpoint0Bb_
FN:561,_RNCNvMs0_NtNtCsid3wTlZBOIR_16rhizo_crypt_core7clients8nestgateNtB7_14NestGateClient8metadata0Bb_
FN:515,_RNCNvMs0_NtNtCsid3wTlZBOIR_16rhizo_crypt_core7clients8nestgateNtB7_14NestGateClient8retrieve0Bb_
FN:417,_RNCNvMs0_NtNtCs7YQQ0vypdx3_16rhizo_crypt_core7clients8nestgateNtB7_14NestGateClient10disconnect0Bb_
FN:616,_RNCNvMs0_NtNtCs7YQQ0vypdx3_16rhizo_crypt_core7clients8nestgateNtB7_14NestGateClient20store_vertex_payload0Bb_
FN:561,_RNCNvMs0_NtNtCs7YQQ0vypdx3_16rhizo_crypt_core7clients8nestgateNtB7_14NestGateClient8metadata0Bb_
FN:417,_RNvMs0_NtNtCs7YQQ0vypdx3_16rhizo_crypt_core7clients8nestgateNtB5_14NestGateClient10disconnect
FN:612,_RNvMs0_NtNtCs7YQQ0vypdx3_16rhizo_crypt_core7clients8nestgateNtB5_14NestGateClient20store_vertex_payload
FN:304,_RNvMs0_NtNtCs7YQQ0vypdx3_16rhizo_crypt_core7clients8nestgateNtB5_14NestGateClient8from_env
FN:561,_RNvMs0_NtNtCs7YQQ0vypdx3_16rhizo_crypt_core7clients8nestgateNtB5_14NestGateClient8metadata
FN:89,_RNvMs_NtNtCs7YQQ0vypdx3_16rhizo_crypt_core7clients8nestgateNtB4_14NestGateConfig8from_env
FN:749,_RNCNvNtNtNtCs7YQQ0vypdx3_16rhizo_crypt_core7clients8nestgate5testss_21test_cache_operations0B9_
FN:853,_RNCNvNtNtNtCs7YQQ0vypdx3_16rhizo_crypt_core7clients8nestgate5testss_22test_endpoint_tracking0B9_
FN:727,_RNCNvNtNtNtCs7YQQ0vypdx3_16rhizo_crypt_core7clients8nestgate5testss_22test_payload_too_large0B9_
FN:675,_RNCNvNtNtNtCs7YQQ0vypdx3_16rhizo_crypt_core7clients8nestgate5testss_25test_client_initial_state0B9_
FN:837,_RNCNvNtNtNtCs7YQQ0vypdx3_16rhizo_crypt_core7clients8nestgate5testss_27test_store_with_compression0B9_
FN:696,_RNCNvNtNtNtCs7YQQ0vypdx3_16rhizo_crypt_core7clients8nestgate5testss_29test_discovery_fallback_error0B9_
FN:682,_RNCNvNtNtNtCs7YQQ0vypdx3_16rhizo_crypt_core7clients8nestgate5testss_29test_store_without_connection0B9_
FN:819,_RNCNvNtNtNtCs7YQQ0vypdx3_16rhizo_crypt_core7clients8nestgate5testss_30test_delete_without_connection0B9_
FN:801,_RNCNvNtNtNtCs7YQQ0vypdx3_16rhizo_crypt_core7clients8nestgate5testss_30test_exists_without_connection0B9_
FN:703,_RNCNvNtNtNtCs7YQQ0vypdx3_16rhizo_crypt_core7clients8nestgate5testss_31test_store_with_mock_connection0B9_
FN:827,_RNCNvNtNtNtCs7YQQ0vypdx3_16rhizo_crypt_core7clients8nestgate5testss_32test_delete_with_mock_connection0B9_
FN:809,_RNCNvNtNtNtCs7YQQ0vypdx3_16rhizo_crypt_core7clients8nestgate5testss_32test_exists_with_mock_connection0B9_
FN:770,_RNCNvNtNtNtCs7YQQ0vypdx3_16rhizo_crypt_core7clients8nestgate5testss_32test_retrieve_without_connection0B9_
FN:778,_RNCNvNtNtNtCs7YQQ0vypdx3_16rhizo_crypt_core7clients8nestgate5testss_33test_retrieve_pending_integration0B9_
FN:632,_RNvMs0_NtNtCs7YQQ0vypdx3_16rhizo_crypt_core7clients8nestgateNtB5_14NestGateClient10cache_size
FN:627,_RNvMs0_NtNtCs7YQQ0vypdx3_16rhizo_crypt_core7clients8nestgateNtB5_14NestGateClient11clear_cache
FN:314,_RNvMs0_NtNtCs7YQQ0vypdx3_16rhizo_crypt_core7clients8nestgateNtB5_14NestGateClient12is_connected
FN:298,_RNvMs0_NtNtCs7YQQ0vypdx3_16rhizo_crypt_core7clients8nestgateNtB5_14NestGateClient13with_defaults
FN:267,_RNvMs0_NtNtCs7YQQ0vypdx3_16rhizo_crypt_core7clients8nestgateNtB5_14NestGateClient14with_discovery
FN:390,_RNvMs0_NtNtCs7YQQ0vypdx3_16rhizo_crypt_core7clients8nestgateNtB5_14NestGateClient20discover_or_fallback
FN:283,_RNvMs0_NtNtCs7YQQ0vypdx3_16rhizo_crypt_core7clients8nestgateNtB5_14NestGateClient3new
FN:309,_RNvMs0_NtNtCs7YQQ0vypdx3_16rhizo_crypt_core7clients8nestgateNtB5_14NestGateClient5state
FN:433,_RNvMs0_NtNtCs7YQQ0vypdx3_16rhizo_crypt_core7clients8nestgateNtB5_14NestGateClient5store
FN:585,_RNvMs0_NtNtCs7YQQ0vypdx3_16rhizo_crypt_core7clients8nestgateNtB5_14NestGateClient6delete
FN:537,_RNvMs0_NtNtCs7YQQ0vypdx3_16rhizo_crypt_core7clients8nestgateNtB5_14NestGateClient6exists
FN:332,_RNvMs0_NtNtCs7YQQ0vypdx3_16rhizo_crypt_core7clients8nestgateNtB5_14NestGateClient7connect
FN:637,_RNvMs0_NtNtCs7YQQ0vypdx3_16rhizo_crypt_core7clients8nestgateNtB5_14NestGateClient8endpoint
FN:515,_RNvMs0_NtNtCs7YQQ0vypdx3_16rhizo_crypt_core7clients8nestgateNtB5_14NestGateClient8retrieve
FN:69,_RNvXNtNtCs7YQQ0vypdx3_16rhizo_crypt_core7clients8nestgateNtB2_14NestGateConfigNtNtCs9sjCchOt1K7_4core7default7Default7default
FN:113,_RINvMs_NtNtCs7YQQ0vypdx3_16rhizo_crypt_core7clients8nestgateNtB5_14NestGateConfig13with_fallbackReEB9_
FN:410,_RNCNCNCNvMs0_NtNtCs7YQQ0vypdx3_16rhizo_crypt_core7clients8nestgateNtBb_14NestGateClient20discover_or_fallback0s_00Bf_
FN:404,_RNCNCNvMs0_NtNtCs7YQQ0vypdx3_16rhizo_crypt_core7clients8nestgateNtB9_14NestGateClient20discover_or_fallback00Bd_
FN:409,_RNCNCNvMs0_NtNtCs7YQQ0vypdx3_16rhizo_crypt_core7clients8nestgateNtB9_14NestGateClient20discover_or_fallback0s_0Bd_
FN:632,_RNCNvMs0_NtNtCs7YQQ0vypdx3_16rhizo_crypt_core7clients8nestgateNtB7_14NestGateClient10cache_size0Bb_
FN:627,_RNCNvMs0_NtNtCs7YQQ0vypdx3_16rhizo_crypt_core7clients8nestgateNtB7_14NestGateClient11clear_cache0Bb_
FN:314,_RNCNvMs0_NtNtCs7YQQ0vypdx3_16rhizo_crypt_core7clients8nestgateNtB7_14NestGateClient12is_connected0Bb_
FN:390,_RNCNvMs0_NtNtCs7YQQ0vypdx3_16rhizo_crypt_core7clients8nestgateNtB7_14NestGateClient20discover_or_fallback0Bb_
FN:309,_RNCNvMs0_NtNtCs7YQQ0vypdx3_16rhizo_crypt_core7clients8nestgateNtB7_14NestGateClient5state0Bb_
FN:433,_RNCNvMs0_NtNtCs7YQQ0vypdx3_16rhizo_crypt_core7clients8nestgateNtB7_14NestGateClient5store0Bb_
FN:585,_RNCNvMs0_NtNtCs7YQQ0vypdx3_16rhizo_crypt_core7clients8nestgateNtB7_14NestGateClient6delete0Bb_
FN:537,_RNCNvMs0_NtNtCs7YQQ0vypdx3_16rhizo_crypt_core7clients8nestgateNtB7_14NestGateClient6exists0Bb_
FN:332,_RNCNvMs0_NtNtCs7YQQ0vypdx3_16rhizo_crypt_core7clients8nestgateNtB7_14NestGateClient7connect0Bb_
FN:637,_RNCNvMs0_NtNtCs7YQQ0vypdx3_16rhizo_crypt_core7clients8nestgateNtB7_14NestGateClient8endpoint0Bb_
FN:515,_RNCNvMs0_NtNtCs7YQQ0vypdx3_16rhizo_crypt_core7clients8nestgateNtB7_14NestGateClient8retrieve0Bb_
FN:648,_RNvNtNtNtCs7YQQ0vypdx3_16rhizo_crypt_core7clients8nestgate5testss_19test_config_default
FN:662,_RNvNtNtNtCs7YQQ0vypdx3_16rhizo_crypt_core7clients8nestgate5testss_20test_client_creation
FN:749,_RNvNtNtNtCs7YQQ0vypdx3_16rhizo_crypt_core7clients8nestgate5testss_21test_cache_operations
FN:853,_RNvNtNtNtCs7YQQ0vypdx3_16rhizo_crypt_core7clients8nestgate5testss_22test_endpoint_tracking
FN:727,_RNvNtNtNtCs7YQQ0vypdx3_16rhizo_crypt_core7clients8nestgate5testss_22test_payload_too_large
FN:675,_RNvNtNtNtCs7YQQ0vypdx3_16rhizo_crypt_core7clients8nestgate5testss_25test_client_initial_state
FN:656,_RNvNtNtNtCs7YQQ0vypdx3_16rhizo_crypt_core7clients8nestgate5testss_25test_config_with_fallback
FN:668,_RNvNtNtNtCs7YQQ0vypdx3_16rhizo_crypt_core7clients8nestgate5testss_26test_client_with_discovery
FN:837,_RNvNtNtNtCs7YQQ0vypdx3_16rhizo_crypt_core7clients8nestgate5testss_27test_store_with_compression
FN:696,_RNvNtNtNtCs7YQQ0vypdx3_16rhizo_crypt_core7clients8nestgate5testss_29test_discovery_fallback_error
FN:859,_RNvNtNtNtCs7YQQ0vypdx3_16rhizo_crypt_core7clients8nestgate5testss_29test_store_request_validation
FN:682,_RNvNtNtNtCs7YQQ0vypdx3_16rhizo_crypt_core7clients8nestgate5testss_29test_store_without_connection
FN:819,_RNvNtNtNtCs7YQQ0vypdx3_16rhizo_crypt_core7clients8nestgate5testss_30test_delete_without_connection
FN:801,_RNvNtNtNtCs7YQQ0vypdx3_16rhizo_crypt_core7clients8nestgate5testss_30test_exists_without_connection
FN:874,_RNvNtNtNtCs7YQQ0vypdx3_16rhizo_crypt_core7clients8nestgate5testss_31test_payload_metadata_structure
FN:703,_RNvNtNtNtCs7YQQ0vypdx3_16rhizo_crypt_core7clients8nestgate5testss_31test_store_with_mock_connection
FN:827,_RNvNtNtNtCs7YQQ0vypdx3_16rhizo_crypt_core7clients8nestgate5testss_32test_delete_with_mock_connection
FN:809,_RNvNtNtNtCs7YQQ0vypdx3_16rhizo_crypt_core7clients8nestgate5testss_32test_exists_with_mock_connection
FN:770,_RNvNtNtNtCs7YQQ0vypdx3_16rhizo_crypt_core7clients8nestgate5testss_32test_retrieve_without_connection
FN:778,_RNvNtNtNtCs7YQQ0vypdx3_16rhizo_crypt_core7clients8nestgate5testss_33test_retrieve_pending_integration
FNDA:0,_RINvMs_NtNtCsid3wTlZBOIR_16rhizo_crypt_core7clients8nestgateNtB5_14NestGateConfig13with_fallbackpEB9_
FNDA:0,_RNCNCNCNvMs0_NtNtCsid3wTlZBOIR_16rhizo_crypt_core7clients8nestgateNtBb_14NestGateClient20discover_or_fallback0s_00Bf_
FNDA:0,_RNCNCNvMs0_NtNtCsid3wTlZBOIR_16rhizo_crypt_core7clients8nestgateNtB9_14NestGateClient20discover_or_fallback00Bd_
FNDA:0,_RNCNCNvMs0_NtNtCsid3wTlZBOIR_16rhizo_crypt_core7clients8nestgateNtB9_14NestGateClient20discover_or_fallback0s_0Bd_
FNDA:0,_RNCNvMs0_NtNtCsid3wTlZBOIR_16rhizo_crypt_core7clients8nestgateNtB7_14NestGateClient10cache_size0Bb_
FNDA:0,_RNCNvMs0_NtNtCsid3wTlZBOIR_16rhizo_crypt_core7clients8nestgateNtB7_14NestGateClient10disconnect0Bb_
FNDA:0,_RNCNvMs0_NtNtCsid3wTlZBOIR_16rhizo_crypt_core7clients8nestgateNtB7_14NestGateClient11clear_cache0Bb_
FNDA:0,_RNCNvMs0_NtNtCsid3wTlZBOIR_16rhizo_crypt_core7clients8nestgateNtB7_14NestGateClient12is_connected0Bb_
FNDA:0,_RNCNvMs0_NtNtCsid3wTlZBOIR_16rhizo_crypt_core7clients8nestgateNtB7_14NestGateClient20discover_or_fallback0Bb_
FNDA:0,_RNCNvMs0_NtNtCsid3wTlZBOIR_16rhizo_crypt_core7clients8nestgateNtB7_14NestGateClient20store_vertex_payload0Bb_
FNDA:0,_RNCNvMs0_NtNtCsid3wTlZBOIR_16rhizo_crypt_core7clients8nestgateNtB7_14NestGateClient5state0Bb_
FNDA:0,_RNCNvMs0_NtNtCsid3wTlZBOIR_16rhizo_crypt_core7clients8nestgateNtB7_14NestGateClient5store0Bb_
FNDA:0,_RNCNvMs0_NtNtCsid3wTlZBOIR_16rhizo_crypt_core7clients8nestgateNtB7_14NestGateClient6delete0Bb_
FNDA:0,_RNCNvMs0_NtNtCsid3wTlZBOIR_16rhizo_crypt_core7clients8nestgateNtB7_14NestGateClient6exists0Bb_
FNDA:0,_RNCNvMs0_NtNtCsid3wTlZBOIR_16rhizo_crypt_core7clients8nestgateNtB7_14NestGateClient7connect0Bb_
FNDA:0,_RNCNvMs0_NtNtCsid3wTlZBOIR_16rhizo_crypt_core7clients8nestgateNtB7_14NestGateClient8endpoint0Bb_
FNDA:0,_RNCNvMs0_NtNtCsid3wTlZBOIR_16rhizo_crypt_core7clients8nestgateNtB7_14NestGateClient8metadata0Bb_
FNDA:0,_RNCNvMs0_NtNtCsid3wTlZBOIR_16rhizo_crypt_core7clients8nestgateNtB7_14NestGateClient8retrieve0Bb_
FNDA:0,_RNCNvMs0_NtNtCs7YQQ0vypdx3_16rhizo_crypt_core7clients8nestgateNtB7_14NestGateClient10disconnect0Bb_
FNDA:0,_RNCNvMs0_NtNtCs7YQQ0vypdx3_16rhizo_crypt_core7clients8nestgateNtB7_14NestGateClient20store_vertex_payload0Bb_
FNDA:0,_RNCNvMs0_NtNtCs7YQQ0vypdx3_16rhizo_crypt_core7clients8nestgateNtB7_14NestGateClient8metadata0Bb_
FNDA:0,_RNvMs0_NtNtCs7YQQ0vypdx3_16rhizo_crypt_core7clients8nestgateNtB5_14NestGateClient10disconnect
FNDA:0,_RNvMs0_NtNtCs7YQQ0vypdx3_16rhizo_crypt_core7clients8nestgateNtB5_14NestGateClient20store_vertex_payload
FNDA:0,_RNvMs0_NtNtCs7YQQ0vypdx3_16rhizo_crypt_core7clients8nestgateNtB5_14NestGateClient8from_env
FNDA:0,_RNvMs0_NtNtCs7YQQ0vypdx3_16rhizo_crypt_core7clients8nestgateNtB5_14NestGateClient8metadata
FNDA:0,_RNvMs_NtNtCs7YQQ0vypdx3_16rhizo_crypt_core7clients8nestgateNtB4_14NestGateConfig8from_env
FNDA:1,_RNCNvNtNtNtCs7YQQ0vypdx3_16rhizo_crypt_core7clients8nestgate5testss_21test_cache_operations0B9_
FNDA:1,_RNCNvNtNtNtCs7YQQ0vypdx3_16rhizo_crypt_core7clients8nestgate5testss_22test_endpoint_tracking0B9_
FNDA:1,_RNCNvNtNtNtCs7YQQ0vypdx3_16rhizo_crypt_core7clients8nestgate5testss_22test_payload_too_large0B9_
FNDA:1,_RNCNvNtNtNtCs7YQQ0vypdx3_16rhizo_crypt_core7clients8nestgate5testss_25test_client_initial_state0B9_
FNDA:1,_RNCNvNtNtNtCs7YQQ0vypdx3_16rhizo_crypt_core7clients8nestgate5testss_27test_store_with_compression0B9_
FNDA:1,_RNCNvNtNtNtCs7YQQ0vypdx3_16rhizo_crypt_core7clients8nestgate5testss_29test_discovery_fallback_error0B9_
FNDA:1,_RNCNvNtNtNtCs7YQQ0vypdx3_16rhizo_crypt_core7clients8nestgate5testss_29test_store_without_connection0B9_
FNDA:1,_RNCNvNtNtNtCs7YQQ0vypdx3_16rhizo_crypt_core7clients8nestgate5testss_30test_delete_without_connection0B9_
FNDA:1,_RNCNvNtNtNtCs7YQQ0vypdx3_16rhizo_crypt_core7clients8nestgate5testss_30test_exists_without_connection0B9_
FNDA:1,_RNCNvNtNtNtCs7YQQ0vypdx3_16rhizo_crypt_core7clients8nestgate5testss_31test_store_with_mock_connection0B9_
FNDA:1,_RNCNvNtNtNtCs7YQQ0vypdx3_16rhizo_crypt_core7clients8nestgate5testss_32test_delete_with_mock_connection0B9_
FNDA:1,_RNCNvNtNtNtCs7YQQ0vypdx3_16rhizo_crypt_core7clients8nestgate5testss_32test_exists_with_mock_connection0B9_
FNDA:1,_RNCNvNtNtNtCs7YQQ0vypdx3_16rhizo_crypt_core7clients8nestgate5testss_32test_retrieve_without_connection0B9_
FNDA:1,_RNCNvNtNtNtCs7YQQ0vypdx3_16rhizo_crypt_core7clients8nestgate5testss_33test_retrieve_pending_integration0B9_
FNDA:3,_RNvMs0_NtNtCs7YQQ0vypdx3_16rhizo_crypt_core7clients8nestgateNtB5_14NestGateClient10cache_size
FNDA:1,_RNvMs0_NtNtCs7YQQ0vypdx3_16rhizo_crypt_core7clients8nestgateNtB5_14NestGateClient11clear_cache
FNDA:14,_RNvMs0_NtNtCs7YQQ0vypdx3_16rhizo_crypt_core7clients8nestgateNtB5_14NestGateClient12is_connected
FNDA:13,_RNvMs0_NtNtCs7YQQ0vypdx3_16rhizo_crypt_core7clients8nestgateNtB5_14NestGateClient13with_defaults
FNDA:1,_RNvMs0_NtNtCs7YQQ0vypdx3_16rhizo_crypt_core7clients8nestgateNtB5_14NestGateClient14with_discovery
FNDA:1,_RNvMs0_NtNtCs7YQQ0vypdx3_16rhizo_crypt_core7clients8nestgateNtB5_14NestGateClient20discover_or_fallback
FNDA:15,_RNvMs0_NtNtCs7YQQ0vypdx3_16rhizo_crypt_core7clients8nestgateNtB5_14NestGateClient3new
FNDA:1,_RNvMs0_NtNtCs7YQQ0vypdx3_16rhizo_crypt_core7clients8nestgateNtB5_14NestGateClient5state
FNDA:6,_RNvMs0_NtNtCs7YQQ0vypdx3_16rhizo_crypt_core7clients8nestgateNtB5_14NestGateClient5store
FNDA:2,_RNvMs0_NtNtCs7YQQ0vypdx3_16rhizo_crypt_core7clients8nestgateNtB5_14NestGateClient6delete
FNDA:2,_RNvMs0_NtNtCs7YQQ0vypdx3_16rhizo_crypt_core7clients8nestgateNtB5_14NestGateClient6exists
FNDA:1,_RNvMs0_NtNtCs7YQQ0vypdx3_16rhizo_crypt_core7clients8nestgateNtB5_14NestGateClient7connect
FNDA:1,_RNvMs0_NtNtCs7YQQ0vypdx3_16rhizo_crypt_core7clients8nestgateNtB5_14NestGateClient8endpoint
FNDA:2,_RNvMs0_NtNtCs7YQQ0vypdx3_16rhizo_crypt_core7clients8nestgateNtB5_14NestGateClient8retrieve
FNDA:18,_RNvXNtNtCs7YQQ0vypdx3_16rhizo_crypt_core7clients8nestgateNtB2_14NestGateConfigNtNtCs9sjCchOt1K7_4core7default7Default7default
FNDA:1,_RINvMs_NtNtCs7YQQ0vypdx3_16rhizo_crypt_core7clients8nestgateNtB5_14NestGateConfig13with_fallbackReEB9_
FNDA:0,_RNCNCNCNvMs0_NtNtCs7YQQ0vypdx3_16rhizo_crypt_core7clients8nestgateNtBb_14NestGateClient20discover_or_fallback0s_00Bf_
FNDA:1,_RNCNCNvMs0_NtNtCs7YQQ0vypdx3_16rhizo_crypt_core7clients8nestgateNtB9_14NestGateClient20discover_or_fallback00Bd_
FNDA:0,_RNCNCNvMs0_NtNtCs7YQQ0vypdx3_16rhizo_crypt_core7clients8nestgateNtB9_14NestGateClient20discover_or_fallback0s_0Bd_
FNDA:3,_RNCNvMs0_NtNtCs7YQQ0vypdx3_16rhizo_crypt_core7clients8nestgateNtB7_14NestGateClient10cache_size0Bb_
FNDA:1,_RNCNvMs0_NtNtCs7YQQ0vypdx3_16rhizo_crypt_core7clients8nestgateNtB7_14NestGateClient11clear_cache0Bb_
FNDA:14,_RNCNvMs0_NtNtCs7YQQ0vypdx3_16rhizo_crypt_core7clients8nestgateNtB7_14NestGateClient12is_connected0Bb_
FNDA:1,_RNCNvMs0_NtNtCs7YQQ0vypdx3_16rhizo_crypt_core7clients8nestgateNtB7_14NestGateClient20discover_or_fallback0Bb_
FNDA:1,_RNCNvMs0_NtNtCs7YQQ0vypdx3_16rhizo_crypt_core7clients8nestgateNtB7_14NestGateClient5state0Bb_
FNDA:6,_RNCNvMs0_NtNtCs7YQQ0vypdx3_16rhizo_crypt_core7clients8nestgateNtB7_14NestGateClient5store0Bb_
FNDA:2,_RNCNvMs0_NtNtCs7YQQ0vypdx3_16rhizo_crypt_core7clients8nestgateNtB7_14NestGateClient6delete0Bb_
FNDA:2,_RNCNvMs0_NtNtCs7YQQ0vypdx3_16rhizo_crypt_core7clients8nestgateNtB7_14NestGateClient6exists0Bb_
FNDA:1,_RNCNvMs0_NtNtCs7YQQ0vypdx3_16rhizo_crypt_core7clients8nestgateNtB7_14NestGateClient7connect0Bb_
FNDA:1,_RNCNvMs0_NtNtCs7YQQ0vypdx3_16rhizo_crypt_core7clients8nestgateNtB7_14NestGateClient8endpoint0Bb_
FNDA:2,_RNCNvMs0_NtNtCs7YQQ0vypdx3_16rhizo_crypt_core7clients8nestgateNtB7_14NestGateClient8retrieve0Bb_
FNDA:1,_RNvNtNtNtCs7YQQ0vypdx3_16rhizo_crypt_core7clients8nestgate5testss_19test_config_default
FNDA:1,_RNvNtNtNtCs7YQQ0vypdx3_16rhizo_crypt_core7clients8nestgate5testss_20test_client_creation
FNDA:1,_RNvNtNtNtCs7YQQ0vypdx3_16rhizo_crypt_core7clients8nestgate5testss_21test_cache_operations
FNDA:1,_RNvNtNtNtCs7YQQ0vypdx3_16rhizo_crypt_core7clients8nestgate5testss_22test_endpoint_tracking
FNDA:1,_RNvNtNtNtCs7YQQ0vypdx3_16rhizo_crypt_core7clients8nestgate5testss_22test_payload_too_large
FNDA:1,_RNvNtNtNtCs7YQQ0vypdx3_16rhizo_crypt_core7clients8nestgate5testss_25test_client_initial_state
FNDA:1,_RNvNtNtNtCs7YQQ0vypdx3_16rhizo_crypt_core7clients8nestgate5testss_25test_config_with_fallback
FNDA:1,_RNvNtNtNtCs7YQQ0vypdx3_16rhizo_crypt_core7clients8nestgate5testss_26test_client_with_discovery
FNDA:1,_RNvNtNtNtCs7YQQ0vypdx3_16rhizo_crypt_core7clients8nestgate5testss_27test_store_with_compression
FNDA:1,_RNvNtNtNtCs7YQQ0vypdx3_16rhizo_crypt_core7clients8nestgate5testss_29test_discovery_fallback_error
FNDA:1,_RNvNtNtNtCs7YQQ0vypdx3_16rhizo_crypt_core7clients8nestgate5testss_29test_store_request_validation
FNDA:1,_RNvNtNtNtCs7YQQ0vypdx3_16rhizo_crypt_core7clients8nestgate5testss_29test_store_without_connection
FNDA:1,_RNvNtNtNtCs7YQQ0vypdx3_16rhizo_crypt_core7clients8nestgate5testss_30test_delete_without_connection
FNDA:1,_RNvNtNtNtCs7YQQ0vypdx3_16rhizo_crypt_core7clients8nestgate5testss_30test_exists_without_connection
FNDA:1,_RNvNtNtNtCs7YQQ0vypdx3_16rhizo_crypt_core7clients8nestgate5testss_31test_payload_metadata_structure
FNDA:1,_RNvNtNtNtCs7YQQ0vypdx3_16rhizo_crypt_core7clients8nestgate5testss_31test_store_with_mock_connection
FNDA:1,_RNvNtNtNtCs7YQQ0vypdx3_16rhizo_crypt_core7clients8nestgate5testss_32test_delete_with_mock_connection
FNDA:1,_RNvNtNtNtCs7YQQ0vypdx3_16rhizo_crypt_core7clients8nestgate5testss_32test_exists_with_mock_connection
FNDA:1,_RNvNtNtNtCs7YQQ0vypdx3_16rhizo_crypt_core7clients8nestgate5testss_32test_retrieve_without_connection
FNDA:1,_RNvNtNtNtCs7YQQ0vypdx3_16rhizo_crypt_core7clients8nestgate5testss_33test_retrieve_pending_integration
FNF:72
FNH:62
DA:69,18
DA:70,18
DA:71,18
DA:72,18
DA:73,18
DA:74,18
DA:75,18
DA:76,18
DA:77,18
DA:78,18
DA:89,0
DA:90,0
DA:92,0
DA:93,0
DA:94,0
DA:96,0
DA:97,0
DA:98,0
DA:99,0
DA:100,0
DA:102,0
DA:103,0
DA:104,0
DA:105,0
DA:106,0
DA:108,0
DA:109,0
DA:113,1
DA:114,1
DA:115,1
DA:116,1
DA:117,1
DA:118,1
DA:267,1
DA:268,1
DA:269,1
DA:270,1
DA:271,1
DA:272,1
DA:273,1
DA:274,1
DA:275,1
DA:276,1
DA:277,1
DA:278,1
DA:279,1
DA:283,15
DA:284,15
DA:285,15
DA:286,15
DA:287,15
DA:288,15
DA:289,15
DA:290,15
DA:291,15
DA:292,15
DA:293,15
DA:294,15
DA:298,13
DA:299,13
DA:300,13
DA:304,0
DA:305,0
DA:306,0
DA:309,1
DA:310,1
DA:311,1
DA:314,14
DA:315,14
DA:316,14
DA:332,1
DA:333,1
DA:334,0
DA:335,1
DA:336,1
DA:337,1
DA:340,1
DA:342,0
DA:345,0
DA:346,0
DA:347,0
DA:348,0
DA:349,0
DA:351,0
DA:352,0
DA:353,0
DA:371,0
DA:373,0
DA:374,0
DA:376,0
DA:377,0
DA:378,0
DA:379,0
DA:382,0
DA:383,0
DA:384,0
DA:387,1
DA:390,1
DA:392,1
DA:393,0
DA:394,0
DA:395,0
DA:396,0
DA:397,0
DA:398,1
DA:401,1
DA:402,1
DA:403,1
DA:404,1
DA:405,1
DA:406,1
DA:407,1
DA:408,1
DA:409,1
DA:410,0
DA:411,0
DA:412,0
DA:413,1
DA:414,1
DA:417,0
DA:418,0
DA:419,0
DA:420,0
DA:421,0
DA:433,6
DA:434,6
DA:435,1
DA:436,5
DA:437,5
DA:438,5
DA:439,1
DA:440,1
DA:441,1
DA:442,1
DA:443,1
DA:444,4
DA:445,4
DA:446,4
DA:447,0
DA:448,0
DA:449,0
DA:453,4
DA:454,4
DA:455,4
DA:456,4
DA:457,4
DA:458,4
DA:459,4
DA:460,4
DA:461,4
DA:462,4
DA:463,4
DA:464,4
DA:465,4
DA:466,4
DA:467,4
DA:468,4
DA:469,4
DA:470,4
DA:471,4
DA:472,4
DA:473,4
DA:474,4
DA:475,4
DA:476,4
DA:477,4
DA:478,4
DA:479,4
DA:480,4
DA:481,4
DA:482,4
DA:483,4
DA:484,4
DA:485,4
DA:486,4
DA:487,4
DA:488,4
DA:489,4
DA:490,4
DA:491,4
DA:492,4
DA:493,4
DA:494,4
DA:495,4
DA:496,4
DA:497,4
DA:498,4
DA:499,4
DA:500,4
DA:501,4
DA:502,4
DA:503,4
DA:504,4
DA:505,6
DA:515,2
DA:516,2
DA:517,1
DA:518,1
DA:519,1
DA:520,1
DA:526,1
DA:527,1
DA:528,1
DA:529,2
DA:537,2
DA:538,2
DA:539,1
DA:540,1
DA:541,1
DA:542,1
DA:543,1
DA:544,0
DA:545,1
DA:546,1
DA:547,1
DA:548,1
DA:549,1
DA:550,1
DA:551,1
DA:552,2
DA:561,0
DA:562,0
DA:563,0
DA:564,0
DA:567,0
DA:568,0
DA:569,0
DA:570,0
DA:571,0
DA:572,0
DA:573,0
DA:574,0
DA:575,0
DA:576,0
DA:585,2
DA:586,2
DA:587,1
DA:588,1
DA:589,1
DA:590,1
DA:593,1
DA:594,1
DA:595,1
DA:596,1
DA:597,1
DA:598,1
DA:599,1
DA:600,2
DA:612,0
DA:613,0
DA:614,0
DA:615,0
DA:616,0
DA:617,0
DA:618,0
DA:619,0
DA:620,0
DA:621,0
DA:622,0
DA:623,0
DA:624,0
DA:627,1
DA:628,1
DA:629,1
DA:632,3
DA:633,3
DA:634,3
DA:637,1
DA:638,1
DA:639,1
DA:648,1
DA:649,1
DA:650,1
DA:651,1
DA:652,1
DA:653,1
DA:656,1
DA:657,1
DA:658,1
DA:659,1
DA:662,1
DA:663,1
DA:664,1
DA:665,1
DA:668,1
DA:669,1
DA:670,1
DA:671,1
DA:672,1
DA:675,1
DA:676,1
DA:677,1
DA:678,1
DA:679,1
DA:682,1
DA:683,1
DA:684,1
DA:685,1
DA:686,1
DA:687,1
DA:688,1
DA:689,1
DA:690,1
DA:691,1
DA:692,1
DA:693,1
DA:696,1
DA:697,1
DA:698,1
DA:699,1
DA:700,1
DA:703,1
DA:704,1
DA:705,1
DA:706,1
DA:707,1
DA:708,1
DA:709,1
DA:710,1
DA:711,1
DA:712,1
DA:713,1
DA:714,1
DA:715,1
DA:716,1
DA:717,1
DA:718,1
DA:719,1
DA:720,1
DA:721,1
DA:722,1
DA:723,1
DA:724,1
DA:727,1
DA:728,1
DA:729,1
DA:730,1
DA:731,1
DA:732,1
DA:733,1
DA:734,1
DA:735,1
DA:736,1
DA:737,1
DA:738,1
DA:739,1
DA:740,1
DA:741,1
DA:742,1
DA:743,1
DA:744,1
DA:745,1
DA:746,1
DA:749,1
DA:750,1
DA:751,1
DA:752,1
DA:753,1
DA:754,1
DA:755,1
DA:756,1
DA:757,1
DA:758,1
DA:759,1
DA:760,1
DA:761,1
DA:762,1
DA:763,1
DA:764,1
DA:765,1
DA:766,1
DA:767,1
DA:770,1
DA:771,1
DA:772,1
DA:773,1
DA:774,1
DA:775,1
DA:778,1
DA:779,1
DA:780,1
DA:781,1
DA:782,1
DA:783,1
DA:784,1
DA:785,1
DA:786,1
DA:787,1
DA:788,1
DA:789,1
DA:790,1
DA:791,1
DA:792,1
DA:793,1
DA:794,1
DA:795,1
DA:796,1
DA:797,1
DA:798,1
DA:801,1
DA:802,1
DA:803,1
DA:804,1
DA:805,1
DA:806,1
DA:809,1
DA:810,1
DA:811,1
DA:812,1
DA:813,1
DA:814,1
DA:815,1
DA:816,1
DA:819,1
DA:820,1
DA:821,1
DA:822,1
DA:823,1
DA:824,1
DA:827,1
DA:828,1
DA:829,1
DA:830,1
DA:831,1
DA:832,1
DA:833,1
DA:834,1
DA:837,1
DA:838,1
DA:839,1
DA:840,1
DA:841,1
DA:842,1
DA:843,1
DA:844,1
DA:845,1
DA:846,1
DA:847,1
DA:848,1
DA:849,1
DA:850,1
DA:853,1
DA:854,1
DA:855,1
DA:856,1
DA:859,1
DA:860,1
DA:861,1
DA:862,1
DA:863,1
DA:864,1
DA:865,1
DA:866,1
DA:867,1
DA:868,1
DA:869,1
DA:870,1
DA:871,1
DA:874,1
DA:875,1
DA:876,1
DA:877,1
DA:878,1
DA:879,1
DA:880,1
DA:881,1
DA:882,1
DA:883,1
DA:884,1
DA:885,1
DA:886,1
DA:887,1
DA:888,1
BRF:0
BRH:0
LF:618
LH:527
end_of_record
SF:/home/strandgate/Development/ecoPrimals/phase2/rhizoCrypt/crates/rhizo-crypt-core/src/clients/songbird.rs
FN:138,_RNCNvMs0_NtNtCsid3wTlZBOIR_16rhizo_crypt_core7clients8songbirdNtB7_14SongbirdConfig8from_env0Bb_
FN:202,_RNCNvMs1_NtNtCsid3wTlZBOIR_16rhizo_crypt_core7clients8songbirdNtB7_11ServiceInfo14has_capability0Bb_
FN:168,_RINvMs0_NtNtCsid3wTlZBOIR_16rhizo_crypt_core7clients8songbirdNtB6_14SongbirdConfig12with_addresspEBa_
FN:609,_RNCNCNvMs2_NtNtCsid3wTlZBOIR_16rhizo_crypt_core7clients8songbirdNtB9_14SongbirdClient16discover_beardog00Bd_
FN:633,_RNCNCNvMs2_NtNtCsid3wTlZBOIR_16rhizo_crypt_core7clients8songbirdNtB9_14SongbirdClient17discover_nestgate00Bd_
FN:621,_RNCNCNvMs2_NtNtCsid3wTlZBOIR_16rhizo_crypt_core7clients8songbirdNtB9_14SongbirdClient18discover_loamspine00Bd_
FN:357,_RNCNCNvMs2_NtNtCsid3wTlZBOIR_16rhizo_crypt_core7clients8songbirdNtB9_14SongbirdClient7connect00Bd_
FN:743,_RNCNvMs2_NtNtCsid3wTlZBOIR_16rhizo_crypt_core7clients8songbirdNtB7_14SongbirdClient10disconnect0Bb_
FN:753,_RNCNvMs2_NtNtCsid3wTlZBOIR_16rhizo_crypt_core7clients8songbirdNtB7_14SongbirdClient10service_id0Bb_
FN:725,_RNCNvMs2_NtNtCsid3wTlZBOIR_16rhizo_crypt_core7clients8songbirdNtB7_14SongbirdClient10unregister0Bb_
FN:763,_RNCNvMs2_NtNtCsid3wTlZBOIR_16rhizo_crypt_core7clients8songbirdNtB7_14SongbirdClient11clear_cache0Bb_
FN:425,_RNCNvMs2_NtNtCsid3wTlZBOIR_16rhizo_crypt_core7clients8songbirdNtB7_14SongbirdClient11try_connect0Bb_
FN:325,_RNCNvMs2_NtNtCsid3wTlZBOIR_16rhizo_crypt_core7clients8songbirdNtB7_14SongbirdClient12is_connected0Bb_
FN:758,_RNCNvMs2_NtNtCsid3wTlZBOIR_16rhizo_crypt_core7clients8songbirdNtB7_14SongbirdClient15cache_discovery0Bb_
FN:607,_RNCNvMs2_NtNtCsid3wTlZBOIR_16rhizo_crypt_core7clients8songbirdNtB7_14SongbirdClient16discover_beardog0Bb_
FN:631,_RNCNvMs2_NtNtCsid3wTlZBOIR_16rhizo_crypt_core7clients8songbirdNtB7_14SongbirdClient17discover_nestgate0Bb_
FN:703,_RNCNvMs2_NtNtCsid3wTlZBOIR_16rhizo_crypt_core7clients8songbirdNtB7_14SongbirdClient17federation_status0Bb_
FN:645,_RNCNvMs2_NtNtCsid3wTlZBOIR_16rhizo_crypt_core7clients8songbirdNtB7_14SongbirdClient17populate_registry0Bb_
FN:619,_RNCNvMs2_NtNtCsid3wTlZBOIR_16rhizo_crypt_core7clients8songbirdNtB7_14SongbirdClient18discover_loamspine0Bb_
FN:320,_RNCNvMs2_NtNtCsid3wTlZBOIR_16rhizo_crypt_core7clients8songbirdNtB7_14SongbirdClient5state0Bb_
FN:338,_RNCNvMs2_NtNtCsid3wTlZBOIR_16rhizo_crypt_core7clients8songbirdNtB7_14SongbirdClient7connect0Bb_
FN:548,_RNCNvMs2_NtNtCsid3wTlZBOIR_16rhizo_crypt_core7clients8songbirdNtB7_14SongbirdClient8discover0Bb_
FN:768,_RNCNvMs2_NtNtCsid3wTlZBOIR_16rhizo_crypt_core7clients8songbirdNtB7_14SongbirdClient8endpoint0Bb_
FN:468,_RNCNvMs2_NtNtCsid3wTlZBOIR_16rhizo_crypt_core7clients8songbirdNtB7_14SongbirdClient8register0Bb_
FN:124,_RNvMs0_NtNtCsid3wTlZBOIR_16rhizo_crypt_core7clients8songbirdNtB5_14SongbirdConfig8from_env
FN:201,_RNvMs1_NtNtCsid3wTlZBOIR_16rhizo_crypt_core7clients8songbirdNtB5_11ServiceInfo14has_capability
FN:743,_RNvMs2_NtNtCsid3wTlZBOIR_16rhizo_crypt_core7clients8songbirdNtB5_14SongbirdClient10disconnect
FN:753,_RNvMs2_NtNtCsid3wTlZBOIR_16rhizo_crypt_core7clients8songbirdNtB5_14SongbirdClient10service_id
FN:725,_RNvMs2_NtNtCsid3wTlZBOIR_16rhizo_crypt_core7clients8songbirdNtB5_14SongbirdClient10unregister
FN:763,_RNvMs2_NtNtCsid3wTlZBOIR_16rhizo_crypt_core7clients8songbirdNtB5_14SongbirdClient11clear_cache
FN:425,_RNvMs2_NtNtCsid3wTlZBOIR_16rhizo_crypt_core7clients8songbirdNtB5_14SongbirdClient11try_connect
FN:325,_RNvMs2_NtNtCsid3wTlZBOIR_16rhizo_crypt_core7clients8songbirdNtB5_14SongbirdClient12is_connected
FN:309,_RNvMs2_NtNtCsid3wTlZBOIR_16rhizo_crypt_core7clients8songbirdNtB5_14SongbirdClient13with_defaults
FN:758,_RNvMs2_NtNtCsid3wTlZBOIR_16rhizo_crypt_core7clients8songbirdNtB5_14SongbirdClient15cache_discovery
FN:607,_RNvMs2_NtNtCsid3wTlZBOIR_16rhizo_crypt_core7clients8songbirdNtB5_14SongbirdClient16discover_beardog
FN:631,_RNvMs2_NtNtCsid3wTlZBOIR_16rhizo_crypt_core7clients8songbirdNtB5_14SongbirdClient17discover_nestgate
FN:703,_RNvMs2_NtNtCsid3wTlZBOIR_16rhizo_crypt_core7clients8songbirdNtB5_14SongbirdClient17federation_status
FN:645,_RNvMs2_NtNtCsid3wTlZBOIR_16rhizo_crypt_core7clients8songbirdNtB5_14SongbirdClient17populate_registry
FN:619,_RNvMs2_NtNtCsid3wTlZBOIR_16rhizo_crypt_core7clients8songbirdNtB5_14SongbirdClient18discover_loamspine
FN:292,_RNvMs2_NtNtCsid3wTlZBOIR_16rhizo_crypt_core7clients8songbirdNtB5_14SongbirdClient3new
FN:320,_RNvMs2_NtNtCsid3wTlZBOIR_16rhizo_crypt_core7clients8songbirdNtB5_14SongbirdClient5state
FN:338,_RNvMs2_NtNtCsid3wTlZBOIR_16rhizo_crypt_core7clients8songbirdNtB5_14SongbirdClient7connect
FN:548,_RNvMs2_NtNtCsid3wTlZBOIR_16rhizo_crypt_core7clients8songbirdNtB5_14SongbirdClient8discover
FN:768,_RNvMs2_NtNtCsid3wTlZBOIR_16rhizo_crypt_core7clients8songbirdNtB5_14SongbirdClient8endpoint
FN:315,_RNvMs2_NtNtCsid3wTlZBOIR_16rhizo_crypt_core7clients8songbirdNtB5_14SongbirdClient8from_env
FN:468,_RNvMs2_NtNtCsid3wTlZBOIR_16rhizo_crypt_core7clients8songbirdNtB5_14SongbirdClient8register
FN:106,_RNvMs_NtNtCsid3wTlZBOIR_16rhizo_crypt_core7clients8songbirdNtB4_14SongbirdConfig13is_configured
FN:87,_RNvMs_NtNtCsid3wTlZBOIR_16rhizo_crypt_core7clients8songbirdNtB4_14SongbirdConfig3new
FN:74,_RNvXNtNtCsid3wTlZBOIR_16rhizo_crypt_core7clients8songbirdNtB2_14SongbirdConfigNtNtCs9sjCchOt1K7_4core7default7Default7default
FN:138,_RNCNvMs0_NtNtCs7YQQ0vypdx3_16rhizo_crypt_core7clients8songbirdNtB7_14SongbirdConfig8from_env0Bb_
FN:743,_RNCNvMs2_NtNtCs7YQQ0vypdx3_16rhizo_crypt_core7clients8songbirdNtB7_14SongbirdClient10disconnect0Bb_
FN:753,_RNCNvMs2_NtNtCs7YQQ0vypdx3_16rhizo_crypt_core7clients8songbirdNtB7_14SongbirdClient10service_id0Bb_
FN:725,_RNCNvMs2_NtNtCs7YQQ0vypdx3_16rhizo_crypt_core7clients8songbirdNtB7_14SongbirdClient10unregister0Bb_
FN:703,_RNCNvMs2_NtNtCs7YQQ0vypdx3_16rhizo_crypt_core7clients8songbirdNtB7_14SongbirdClient17federation_status0Bb_
FN:768,_RNCNvMs2_NtNtCs7YQQ0vypdx3_16rhizo_crypt_core7clients8songbirdNtB7_14SongbirdClient8endpoint0Bb_
FN:124,_RNvMs0_NtNtCs7YQQ0vypdx3_16rhizo_crypt_core7clients8songbirdNtB5_14SongbirdConfig8from_env
FN:743,_RNvMs2_NtNtCs7YQQ0vypdx3_16rhizo_crypt_core7clients8songbirdNtB5_14SongbirdClient10disconnect
FN:753,_RNvMs2_NtNtCs7YQQ0vypdx3_16rhizo_crypt_core7clients8songbirdNtB5_14SongbirdClient10service_id
FN:725,_RNvMs2_NtNtCs7YQQ0vypdx3_16rhizo_crypt_core7clients8songbirdNtB5_14SongbirdClient10unregister
FN:309,_RNvMs2_NtNtCs7YQQ0vypdx3_16rhizo_crypt_core7clients8songbirdNtB5_14SongbirdClient13with_defaults
FN:703,_RNvMs2_NtNtCs7YQQ0vypdx3_16rhizo_crypt_core7clients8songbirdNtB5_14SongbirdClient17federation_status
FN:768,_RNvMs2_NtNtCs7YQQ0vypdx3_16rhizo_crypt_core7clients8songbirdNtB5_14SongbirdClient8endpoint
FN:315,_RNvMs2_NtNtCs7YQQ0vypdx3_16rhizo_crypt_core7clients8songbirdNtB5_14SongbirdClient8from_env
FN:74,_RNvXNtNtCs7YQQ0vypdx3_16rhizo_crypt_core7clients8songbirdNtB2_14SongbirdConfigNtNtCs9sjCchOt1K7_4core7default7Default7default
FN:846,_RNCNvNtNtNtCs7YQQ0vypdx3_16rhizo_crypt_core7clients8songbird5testss_21test_cache_operations0B9_
FN:890,_RNCNvNtNtNtCs7YQQ0vypdx3_16rhizo_crypt_core7clients8songbird5testss_22test_populate_registry0B9_
FN:812,_RNCNvNtNtNtCs7YQQ0vypdx3_16rhizo_crypt_core7clients8songbird5testss_25test_client_initial_state0B9_
FN:820,_RNCNvNtNtNtCs7YQQ0vypdx3_16rhizo_crypt_core7clients8songbird5testss_32test_discover_without_connection0B9_
FN:828,_RNCNvNtNtNtCs7YQQ0vypdx3_16rhizo_crypt_core7clients8songbird5testss_32test_register_without_connection0B9_
FN:836,_RNCNvNtNtNtCs7YQQ0vypdx3_16rhizo_crypt_core7clients8songbird5testss_33test_connect_without_config_fails0B9_
FN:804,_RNvNtNtNtCs7YQQ0vypdx3_16rhizo_crypt_core7clients8songbird5testss_20test_client_creation
FN:846,_RNvNtNtNtCs7YQQ0vypdx3_16rhizo_crypt_core7clients8songbird5testss_21test_cache_operations
FN:890,_RNvNtNtNtCs7YQQ0vypdx3_16rhizo_crypt_core7clients8songbird5testss_22test_populate_registry
FN:797,_RNvNtNtNtCs7YQQ0vypdx3_16rhizo_crypt_core7clients8songbird5testss_24test_config_with_address
FN:812,_RNvNtNtNtCs7YQQ0vypdx3_16rhizo_crypt_core7clients8songbird5testss_25test_client_initial_state
FN:788,_RNvNtNtNtCs7YQQ0vypdx3_16rhizo_crypt_core7clients8songbird5testss_28test_config_new_unconfigured
FN:820,_RNvNtNtNtCs7YQQ0vypdx3_16rhizo_crypt_core7clients8songbird5testss_32test_discover_without_connection
FN:917,_RNvNtNtNtCs7YQQ0vypdx3_16rhizo_crypt_core7clients8songbird5testss_32test_from_env_respects_variables
FN:828,_RNvNtNtNtCs7YQQ0vypdx3_16rhizo_crypt_core7clients8songbird5testss_32test_register_without_connection
FN:874,_RNvNtNtNtCs7YQQ0vypdx3_16rhizo_crypt_core7clients8songbird5testss_32test_service_info_has_capability
FN:836,_RNvNtNtNtCs7YQQ0vypdx3_16rhizo_crypt_core7clients8songbird5testss_33test_connect_without_config_fails
FN:168,_RINvMs0_NtNtCs7YQQ0vypdx3_16rhizo_crypt_core7clients8songbirdNtB6_14SongbirdConfig12with_addressReEBa_
FN:609,_RNCNCNvMs2_NtNtCs7YQQ0vypdx3_16rhizo_crypt_core7clients8songbirdNtB9_14SongbirdClient16discover_beardog00Bd_
FN:633,_RNCNCNvMs2_NtNtCs7YQQ0vypdx3_16rhizo_crypt_core7clients8songbirdNtB9_14SongbirdClient17discover_nestgate00Bd_
FN:621,_RNCNCNvMs2_NtNtCs7YQQ0vypdx3_16rhizo_crypt_core7clients8songbirdNtB9_14SongbirdClient18discover_loamspine00Bd_
FN:357,_RNCNCNvMs2_NtNtCs7YQQ0vypdx3_16rhizo_crypt_core7clients8songbirdNtB9_14SongbirdClient7connect00Bd_
FN:202,_RNCNvMs1_NtNtCs7YQQ0vypdx3_16rhizo_crypt_core7clients8songbirdNtB7_11ServiceInfo14has_capability0Bb_
FN:763,_RNCNvMs2_NtNtCs7YQQ0vypdx3_16rhizo_crypt_core7clients8songbirdNtB7_14SongbirdClient11clear_cache0Bb_
FN:425,_RNCNvMs2_NtNtCs7YQQ0vypdx3_16rhizo_crypt_core7clients8songbirdNtB7_14SongbirdClient11try_connect0Bb_
FN:325,_RNCNvMs2_NtNtCs7YQQ0vypdx3_16rhizo_crypt_core7clients8songbirdNtB7_14SongbirdClient12is_connected0Bb_
FN:758,_RNCNvMs2_NtNtCs7YQQ0vypdx3_16rhizo_crypt_core7clients8songbirdNtB7_14SongbirdClient15cache_discovery0Bb_
FN:607,_RNCNvMs2_NtNtCs7YQQ0vypdx3_16rhizo_crypt_core7clients8songbirdNtB7_14SongbirdClient16discover_beardog0Bb_
FN:631,_RNCNvMs2_NtNtCs7YQQ0vypdx3_16rhizo_crypt_core7clients8songbirdNtB7_14SongbirdClient17discover_nestgate0Bb_
FN:645,_RNCNvMs2_NtNtCs7YQQ0vypdx3_16rhizo_crypt_core7clients8songbirdNtB7_14SongbirdClient17populate_registry0Bb_
FN:619,_RNCNvMs2_NtNtCs7YQQ0vypdx3_16rhizo_crypt_core7clients8songbirdNtB7_14SongbirdClient18discover_loamspine0Bb_
FN:320,_RNCNvMs2_NtNtCs7YQQ0vypdx3_16rhizo_crypt_core7clients8songbirdNtB7_14SongbirdClient5state0Bb_
FN:338,_RNCNvMs2_NtNtCs7YQQ0vypdx3_16rhizo_crypt_core7clients8songbirdNtB7_14SongbirdClient7connect0Bb_
FN:548,_RNCNvMs2_NtNtCs7YQQ0vypdx3_16rhizo_crypt_core7clients8songbirdNtB7_14SongbirdClient8discover0Bb_
FN:468,_RNCNvMs2_NtNtCs7YQQ0vypdx3_16rhizo_crypt_core7clients8songbirdNtB7_14SongbirdClient8register0Bb_
FN:201,_RNvMs1_NtNtCs7YQQ0vypdx3_16rhizo_crypt_core7clients8songbirdNtB5_11ServiceInfo14has_capability
FN:763,_RNvMs2_NtNtCs7YQQ0vypdx3_16rhizo_crypt_core7clients8songbirdNtB5_14SongbirdClient11clear_cache
FN:425,_RNvMs2_NtNtCs7YQQ0vypdx3_16rhizo_crypt_core7clients8songbirdNtB5_14SongbirdClient11try_connect
FN:325,_RNvMs2_NtNtCs7YQQ0vypdx3_16rhizo_crypt_core7clients8songbirdNtB5_14SongbirdClient12is_connected
FN:758,_RNvMs2_NtNtCs7YQQ0vypdx3_16rhizo_crypt_core7clients8songbirdNtB5_14SongbirdClient15cache_discovery
FN:607,_RNvMs2_NtNtCs7YQQ0vypdx3_16rhizo_crypt_core7clients8songbirdNtB5_14SongbirdClient16discover_beardog
FN:631,_RNvMs2_NtNtCs7YQQ0vypdx3_16rhizo_crypt_core7clients8songbirdNtB5_14SongbirdClient17discover_nestgate
FN:645,_RNvMs2_NtNtCs7YQQ0vypdx3_16rhizo_crypt_core7clients8songbirdNtB5_14SongbirdClient17populate_registry
FN:619,_RNvMs2_NtNtCs7YQQ0vypdx3_16rhizo_crypt_core7clients8songbirdNtB5_14SongbirdClient18discover_loamspine
FN:292,_RNvMs2_NtNtCs7YQQ0vypdx3_16rhizo_crypt_core7clients8songbirdNtB5_14SongbirdClient3new
FN:320,_RNvMs2_NtNtCs7YQQ0vypdx3_16rhizo_crypt_core7clients8songbirdNtB5_14SongbirdClient5state
FN:338,_RNvMs2_NtNtCs7YQQ0vypdx3_16rhizo_crypt_core7clients8songbirdNtB5_14SongbirdClient7connect
FN:548,_RNvMs2_NtNtCs7YQQ0vypdx3_16rhizo_crypt_core7clients8songbirdNtB5_14SongbirdClient8discover
FN:468,_RNvMs2_NtNtCs7YQQ0vypdx3_16rhizo_crypt_core7clients8songbirdNtB5_14SongbirdClient8register
FN:106,_RNvMs_NtNtCs7YQQ0vypdx3_16rhizo_crypt_core7clients8songbirdNtB4_14SongbirdConfig13is_configured
FN:87,_RNvMs_NtNtCs7YQQ0vypdx3_16rhizo_crypt_core7clients8songbirdNtB4_14SongbirdConfig3new
FNDA:0,_RNCNvMs0_NtNtCsid3wTlZBOIR_16rhizo_crypt_core7clients8songbirdNtB7_14SongbirdConfig8from_env0Bb_
FNDA:0,_RNCNvMs1_NtNtCsid3wTlZBOIR_16rhizo_crypt_core7clients8songbirdNtB7_11ServiceInfo14has_capability0Bb_
FNDA:0,_RINvMs0_NtNtCsid3wTlZBOIR_16rhizo_crypt_core7clients8songbirdNtB6_14SongbirdConfig12with_addresspEBa_
FNDA:0,_RNCNCNvMs2_NtNtCsid3wTlZBOIR_16rhizo_crypt_core7clients8songbirdNtB9_14SongbirdClient16discover_beardog00Bd_
FNDA:0,_RNCNCNvMs2_NtNtCsid3wTlZBOIR_16rhizo_crypt_core7clients8songbirdNtB9_14SongbirdClient17discover_nestgate00Bd_
FNDA:0,_RNCNCNvMs2_NtNtCsid3wTlZBOIR_16rhizo_crypt_core7clients8songbirdNtB9_14SongbirdClient18discover_loamspine00Bd_
FNDA:0,_RNCNCNvMs2_NtNtCsid3wTlZBOIR_16rhizo_crypt_core7clients8songbirdNtB9_14SongbirdClient7connect00Bd_
FNDA:0,_RNCNvMs2_NtNtCsid3wTlZBOIR_16rhizo_crypt_core7clients8songbirdNtB7_14SongbirdClient10disconnect0Bb_
FNDA:0,_RNCNvMs2_NtNtCsid3wTlZBOIR_16rhizo_crypt_core7clients8songbirdNtB7_14SongbirdClient10service_id0Bb_
FNDA:0,_RNCNvMs2_NtNtCsid3wTlZBOIR_16rhizo_crypt_core7clients8songbirdNtB7_14SongbirdClient10unregister0Bb_
FNDA:0,_RNCNvMs2_NtNtCsid3wTlZBOIR_16rhizo_crypt_core7clients8songbirdNtB7_14SongbirdClient11clear_cache0Bb_
FNDA:0,_RNCNvMs2_NtNtCsid3wTlZBOIR_16rhizo_crypt_core7clients8songbirdNtB7_14SongbirdClient11try_connect0Bb_
FNDA:0,_RNCNvMs2_NtNtCsid3wTlZBOIR_16rhizo_crypt_core7clients8songbirdNtB7_14SongbirdClient12is_connected0Bb_
FNDA:0,_RNCNvMs2_NtNtCsid3wTlZBOIR_16rhizo_crypt_core7clients8songbirdNtB7_14SongbirdClient15cache_discovery0Bb_
FNDA:0,_RNCNvMs2_NtNtCsid3wTlZBOIR_16rhizo_crypt_core7clients8songbirdNtB7_14SongbirdClient16discover_beardog0Bb_
FNDA:0,_RNCNvMs2_NtNtCsid3wTlZBOIR_16rhizo_crypt_core7clients8songbirdNtB7_14SongbirdClient17discover_nestgate0Bb_
FNDA:0,_RNCNvMs2_NtNtCsid3wTlZBOIR_16rhizo_crypt_core7clients8songbirdNtB7_14SongbirdClient17federation_status0Bb_
FNDA:0,_RNCNvMs2_NtNtCsid3wTlZBOIR_16rhizo_crypt_core7clients8songbirdNtB7_14SongbirdClient17populate_registry0Bb_
FNDA:0,_RNCNvMs2_NtNtCsid3wTlZBOIR_16rhizo_crypt_core7clients8songbirdNtB7_14SongbirdClient18discover_loamspine0Bb_
FNDA:0,_RNCNvMs2_NtNtCsid3wTlZBOIR_16rhizo_crypt_core7clients8songbirdNtB7_14SongbirdClient5state0Bb_
FNDA:0,_RNCNvMs2_NtNtCsid3wTlZBOIR_16rhizo_crypt_core7clients8songbirdNtB7_14SongbirdClient7connect0Bb_
FNDA:0,_RNCNvMs2_NtNtCsid3wTlZBOIR_16rhizo_crypt_core7clients8songbirdNtB7_14SongbirdClient8discover0Bb_
FNDA:0,_RNCNvMs2_NtNtCsid3wTlZBOIR_16rhizo_crypt_core7clients8songbirdNtB7_14SongbirdClient8endpoint0Bb_
[...]
FNDA:0,_RNCNvXs_NtCs4yQX48jEriP_15rhizo_crypt_rpc7serviceNtB6_19RhizoCryptRpcServerNtB6_13RhizoCryptRpc12get_frontier0B8_
FNDA:0,_RNCNvXs_NtCs4yQX48jEriP_15rhizo_crypt_rpc7serviceNtB6_19RhizoCryptRpcServerNtB6_13RhizoCryptRpc12verify_proof0B8_
FNDA:0,_RNCNvXs_NtCs4yQX48jEriP_15rhizo_crypt_rpc7serviceNtB6_19RhizoCryptRpcServerNtB6_13RhizoCryptRpc13list_sessions0B8_
FNDA:0,_RNCNvXs_NtCs4yQX48jEriP_15rhizo_crypt_rpc7serviceNtB6_19RhizoCryptRpcServerNtB6_13RhizoCryptRpc13resolve_slice0B8_
FNDA:0,_RNCNvXs_NtCs4yQX48jEriP_15rhizo_crypt_rpc7serviceNtB6_19RhizoCryptRpcServerNtB6_13RhizoCryptRpc14checkout_slice0B8_
FNDA:0,_RNCNvXs_NtCs4yQX48jEriP_15rhizo_crypt_rpc7serviceNtB6_19RhizoCryptRpcServerNtB6_13RhizoCryptRpc14create_session0B8_
FNDA:0,_RNCNvXs_NtCs4yQX48jEriP_15rhizo_crypt_rpc7serviceNtB6_19RhizoCryptRpcServerNtB6_13RhizoCryptRpc14query_vertices0B8_
FNDA:0,_RNCNvXs_NtCs4yQX48jEriP_15rhizo_crypt_rpc7serviceNtB6_19RhizoCryptRpcServerNtB6_13RhizoCryptRpc15discard_session0B8_
FNDA:0,_RNCNvXs_NtCs4yQX48jEriP_15rhizo_crypt_rpc7serviceNtB6_19RhizoCryptRpcServerNtB6_13RhizoCryptRpc15get_merkle_root0B8_
FNDA:0,_RNCNvXs_NtCs4yQX48jEriP_15rhizo_crypt_rpc7serviceNtB6_19RhizoCryptRpcServerNtB6_13RhizoCryptRpc16get_merkle_proof0B8_
FNDA:0,_RNCNvXs_NtCs4yQX48jEriP_15rhizo_crypt_rpc7serviceNtB6_19RhizoCryptRpcServerNtB6_13RhizoCryptRpc22get_dehydration_status0B8_
FNDA:0,_RNCNvXs_NtCs4yQX48jEriP_15rhizo_crypt_rpc7serviceNtB6_19RhizoCryptRpcServerNtB6_13RhizoCryptRpc6health0B8_
FNDA:0,_RNCNvXs_NtCs4yQX48jEriP_15rhizo_crypt_rpc7serviceNtB6_19RhizoCryptRpcServerNtB6_13RhizoCryptRpc7metrics0B8_
FNDA:0,_RNCNvXs_NtCs4yQX48jEriP_15rhizo_crypt_rpc7serviceNtB6_19RhizoCryptRpcServerNtB6_13RhizoCryptRpc9dehydrate0B8_
FNDA:0,_RNCNvXs_NtCs4yQX48jEriP_15rhizo_crypt_rpc7serviceNtB6_19RhizoCryptRpcServerNtB6_13RhizoCryptRpc9get_slice0B8_
FNDA:0,_RNvMNtCs4yQX48jEriP_15rhizo_crypt_rpc7serviceNtB2_19RhizoCryptRpcServer3new
FNDA:0,_RNvNtCs4yQX48jEriP_15rhizo_crypt_rpc7service15session_to_info
FNDA:0,_RNvXININtCs4yQX48jEriP_15rhizo_crypt_rpc7servicesh_0pEINtB5_19RhizoCryptRpcClientpEINtNtCs9sjCchOt1K7_4core7convert4FrompE4fromB7_
FNDA:0,_RNvXs_NtCs4yQX48jEriP_15rhizo_crypt_rpc7serviceNtB4_19RhizoCryptRpcServerNtB4_13RhizoCryptRpc10get_vertex
FNDA:0,_RNvXs_NtCs4yQX48jEriP_15rhizo_crypt_rpc7serviceNtB4_19RhizoCryptRpcServerNtB4_13RhizoCryptRpc11get_genesis
FNDA:0,_RNvXs_NtCs4yQX48jEriP_15rhizo_crypt_rpc7serviceNtB4_19RhizoCryptRpcServerNtB4_13RhizoCryptRpc11get_session
FNDA:0,_RNvXs_NtCs4yQX48jEriP_15rhizo_crypt_rpc7serviceNtB4_19RhizoCryptRpcServerNtB4_13RhizoCryptRpc11list_slices
FNDA:0,_RNvXs_NtCs4yQX48jEriP_15rhizo_crypt_rpc7serviceNtB4_19RhizoCryptRpcServerNtB4_13RhizoCryptRpc12append_batch
FNDA:0,_RNvXs_NtCs4yQX48jEriP_15rhizo_crypt_rpc7serviceNtB4_19RhizoCryptRpcServerNtB4_13RhizoCryptRpc12append_event
FNDA:0,_RNvXs_NtCs4yQX48jEriP_15rhizo_crypt_rpc7serviceNtB4_19RhizoCryptRpcServerNtB4_13RhizoCryptRpc12get_children
FNDA:0,_RNvXs_NtCs4yQX48jEriP_15rhizo_crypt_rpc7serviceNtB4_19RhizoCryptRpcServerNtB4_13RhizoCryptRpc12get_frontier
FNDA:0,_RNvXs_NtCs4yQX48jEriP_15rhizo_crypt_rpc7serviceNtB4_19RhizoCryptRpcServerNtB4_13RhizoCryptRpc12verify_proof
FNDA:0,_RNvXs_NtCs4yQX48jEriP_15rhizo_crypt_rpc7serviceNtB4_19RhizoCryptRpcServerNtB4_13RhizoCryptRpc13list_sessions
FNDA:0,_RNvXs_NtCs4yQX48jEriP_15rhizo_crypt_rpc7serviceNtB4_19RhizoCryptRpcServerNtB4_13RhizoCryptRpc13resolve_slice
FNDA:0,_RNvXs_NtCs4yQX48jEriP_15rhizo_crypt_rpc7serviceNtB4_19RhizoCryptRpcServerNtB4_13RhizoCryptRpc14checkout_slice
FNDA:0,_RNvXs_NtCs4yQX48jEriP_15rhizo_crypt_rpc7serviceNtB4_19RhizoCryptRpcServerNtB4_13RhizoCryptRpc14create_session
FNDA:0,_RNvXs_NtCs4yQX48jEriP_15rhizo_crypt_rpc7serviceNtB4_19RhizoCryptRpcServerNtB4_13RhizoCryptRpc14query_vertices
FNDA:0,_RNvXs_NtCs4yQX48jEriP_15rhizo_crypt_rpc7serviceNtB4_19RhizoCryptRpcServerNtB4_13RhizoCryptRpc15discard_session
FNDA:0,_RNvXs_NtCs4yQX48jEriP_15rhizo_crypt_rpc7serviceNtB4_19RhizoCryptRpcServerNtB4_13RhizoCryptRpc15get_merkle_root
FNDA:0,_RNvXs_NtCs4yQX48jEriP_15rhizo_crypt_rpc7serviceNtB4_19RhizoCryptRpcServerNtB4_13RhizoCryptRpc16get_merkle_proof
FNDA:0,_RNvXs_NtCs4yQX48jEriP_15rhizo_crypt_rpc7serviceNtB4_19RhizoCryptRpcServerNtB4_13RhizoCryptRpc22get_dehydration_status
FNDA:0,_RNvXs_NtCs4yQX48jEriP_15rhizo_crypt_rpc7serviceNtB4_19RhizoCryptRpcServerNtB4_13RhizoCryptRpc6health
FNDA:0,_RNvXs_NtCs4yQX48jEriP_15rhizo_crypt_rpc7serviceNtB4_19RhizoCryptRpcServerNtB4_13RhizoCryptRpc7metrics
FNDA:0,_RNvXs_NtCs4yQX48jEriP_15rhizo_crypt_rpc7serviceNtB4_19RhizoCryptRpcServerNtB4_13RhizoCryptRpc9dehydrate
FNDA:0,_RNvXs_NtCs4yQX48jEriP_15rhizo_crypt_rpc7serviceNtB4_19RhizoCryptRpcServerNtB4_13RhizoCryptRpc9get_slice
FNDA:0,_RNvYpNtNtCs4yQX48jEriP_15rhizo_crypt_rpc7service13RhizoCryptRpc5serveB7_
FNDA:1,_RNvNtNtCs4yQX48jEriP_15rhizo_crypt_rpc7service5testss_26test_request_serialization
FNDA:1,_RNvNtNtCs4yQX48jEriP_15rhizo_crypt_rpc7service5testss_32test_health_status_serialization
FNDA:10,_RINvMsg_NtCs1VabqvUvyvp_15rhizo_crypt_rpc7serviceNtB6_19RhizoCryptRpcClient3newINtNtCsc9B1OUmwKjx_5tarpc15serde_transport9TransportNtNtNtNtCselEcaUKAb1f_5tokio3net3tcp6stream9TcpStreamINtB1k_8ResponseNtB6_21RhizoCryptRpcResponseEINtB1k_13ClientMessageNtB6_20RhizoCryptRpcRequestEINtNtNtCsls9BSJYjsQj_11tokio_serde7formats7bincode7BincodeB2W_B3F_EEECscGNtvOf38BJ_15rpc_integration
FNDA:0,_RNCNCNvXs_NtCs1VabqvUvyvp_15rhizo_crypt_rpc7serviceNtB8_19RhizoCryptRpcServerNtB8_13RhizoCryptRpc10get_vertex00CscGNtvOf38BJ_15rpc_integration
FNDA:0,_RNCNCNvXs_NtCs1VabqvUvyvp_15rhizo_crypt_rpc7serviceNtB8_19RhizoCryptRpcServerNtB8_13RhizoCryptRpc11get_genesis00CscGNtvOf38BJ_15rpc_integration
FNDA:0,_RNCNCNvXs_NtCs1VabqvUvyvp_15rhizo_crypt_rpc7serviceNtB8_19RhizoCryptRpcServerNtB8_13RhizoCryptRpc11get_session00CscGNtvOf38BJ_15rpc_integration
FNDA:0,_RNCNCNvXs_NtCs1VabqvUvyvp_15rhizo_crypt_rpc7serviceNtB8_19RhizoCryptRpcServerNtB8_13RhizoCryptRpc12append_batch00CscGNtvOf38BJ_15rpc_integration
FNDA:0,_RNCNCNvXs_NtCs1VabqvUvyvp_15rhizo_crypt_rpc7serviceNtB8_19RhizoCryptRpcServerNtB8_13RhizoCryptRpc12append_event00CscGNtvOf38BJ_15rpc_integration
FNDA:0,_RNCNCNvXs_NtCs1VabqvUvyvp_15rhizo_crypt_rpc7serviceNtB8_19RhizoCryptRpcServerNtB8_13RhizoCryptRpc12get_children00CscGNtvOf38BJ_15rpc_integration
FNDA:0,_RNCNCNvXs_NtCs1VabqvUvyvp_15rhizo_crypt_rpc7serviceNtB8_19RhizoCryptRpcServerNtB8_13RhizoCryptRpc12get_children0s_0CscGNtvOf38BJ_15rpc_integration
FNDA:0,_RNCNCNvXs_NtCs1VabqvUvyvp_15rhizo_crypt_rpc7serviceNtB8_19RhizoCryptRpcServerNtB8_13RhizoCryptRpc12get_frontier00CscGNtvOf38BJ_15rpc_integration
FNDA:0,_RNCNCNvXs_NtCs1VabqvUvyvp_15rhizo_crypt_rpc7serviceNtB8_19RhizoCryptRpcServerNtB8_13RhizoCryptRpc13resolve_slice00CscGNtvOf38BJ_15rpc_integration
FNDA:0,_RNCNCNvXs_NtCs1VabqvUvyvp_15rhizo_crypt_rpc7serviceNtB8_19RhizoCryptRpcServerNtB8_13RhizoCryptRpc14checkout_slice00CscGNtvOf38BJ_15rpc_integration
FNDA:0,_RNCNCNvXs_NtCs1VabqvUvyvp_15rhizo_crypt_rpc7serviceNtB8_19RhizoCryptRpcServerNtB8_13RhizoCryptRpc14create_session00CscGNtvOf38BJ_15rpc_integration
FNDA:1,_RNCNCNvXs_NtCs1VabqvUvyvp_15rhizo_crypt_rpc7serviceNtB8_19RhizoCryptRpcServerNtB8_13RhizoCryptRpc14query_vertices00CscGNtvOf38BJ_15rpc_integration
FNDA:0,_RNCNCNvXs_NtCs1VabqvUvyvp_15rhizo_crypt_rpc7serviceNtB8_19RhizoCryptRpcServerNtB8_13RhizoCryptRpc14query_vertices0s_0CscGNtvOf38BJ_15rpc_integration
FNDA:0,_RNCNCNvXs_NtCs1VabqvUvyvp_15rhizo_crypt_rpc7serviceNtB8_19RhizoCryptRpcServerNtB8_13RhizoCryptRpc15discard_session00CscGNtvOf38BJ_15rpc_integration
FNDA:0,_RNCNCNvXs_NtCs1VabqvUvyvp_15rhizo_crypt_rpc7serviceNtB8_19RhizoCryptRpcServerNtB8_13RhizoCryptRpc15get_merkle_root00CscGNtvOf38BJ_15rpc_integration
FNDA:0,_RNCNCNvXs_NtCs1VabqvUvyvp_15rhizo_crypt_rpc7serviceNtB8_19RhizoCryptRpcServerNtB8_13RhizoCryptRpc16get_merkle_proof00CscGNtvOf38BJ_15rpc_integration
FNDA:0,_RNCNCNvXs_NtCs1VabqvUvyvp_15rhizo_crypt_rpc7serviceNtB8_19RhizoCryptRpcServerNtB8_13RhizoCryptRpc9dehydrate00CscGNtvOf38BJ_15rpc_integration
FNDA:0,_RNCNCNvXs_NtCs1VabqvUvyvp_15rhizo_crypt_rpc7serviceNtB8_19RhizoCryptRpcServerNtB8_13RhizoCryptRpc9get_slice00CscGNtvOf38BJ_15rpc_integration
FNDA:0,_RNCNvMsi_NtCs1VabqvUvyvp_15rhizo_crypt_rpc7serviceNtB7_19RhizoCryptRpcClient10get_vertex0CscGNtvOf38BJ_15rpc_integration
FNDA:0,_RNCNvMsi_NtCs1VabqvUvyvp_15rhizo_crypt_rpc7serviceNtB7_19RhizoCryptRpcClient11get_genesis0CscGNtvOf38BJ_15rpc_integration
FNDA:0,_RNCNvMsi_NtCs1VabqvUvyvp_15rhizo_crypt_rpc7serviceNtB7_19RhizoCryptRpcClient11get_session0CscGNtvOf38BJ_15rpc_integration
FNDA:0,_RNCNvMsi_NtCs1VabqvUvyvp_15rhizo_crypt_rpc7serviceNtB7_19RhizoCryptRpcClient11list_slices0CscGNtvOf38BJ_15rpc_integration
FNDA:0,_RNCNvMsi_NtCs1VabqvUvyvp_15rhizo_crypt_rpc7serviceNtB7_19RhizoCryptRpcClient12append_batch0CscGNtvOf38BJ_15rpc_integration
FNDA:0,_RNCNvMsi_NtCs1VabqvUvyvp_15rhizo_crypt_rpc7serviceNtB7_19RhizoCryptRpcClient12append_event0CscGNtvOf38BJ_15rpc_integration
FNDA:0,_RNCNvMsi_NtCs1VabqvUvyvp_15rhizo_crypt_rpc7serviceNtB7_19RhizoCryptRpcClient12get_children0CscGNtvOf38BJ_15rpc_integration
FNDA:0,_RNCNvMsi_NtCs1VabqvUvyvp_15rhizo_crypt_rpc7serviceNtB7_19RhizoCryptRpcClient12get_frontier0CscGNtvOf38BJ_15rpc_integration
FNDA:0,_RNCNvMsi_NtCs1VabqvUvyvp_15rhizo_crypt_rpc7serviceNtB7_19RhizoCryptRpcClient12verify_proof0CscGNtvOf38BJ_15rpc_integration
FNDA:0,_RNCNvMsi_NtCs1VabqvUvyvp_15rhizo_crypt_rpc7serviceNtB7_19RhizoCryptRpcClient13list_sessions0CscGNtvOf38BJ_15rpc_integration
FNDA:0,_RNCNvMsi_NtCs1VabqvUvyvp_15rhizo_crypt_rpc7serviceNtB7_19RhizoCryptRpcClient14checkout_slice0CscGNtvOf38BJ_15rpc_integration
FNDA:0,_RNCNvMsi_NtCs1VabqvUvyvp_15rhizo_crypt_rpc7serviceNtB7_19RhizoCryptRpcClient14create_session0CscGNtvOf38BJ_15rpc_integration
FNDA:0,_RNCNvMsi_NtCs1VabqvUvyvp_15rhizo_crypt_rpc7serviceNtB7_19RhizoCryptRpcClient14query_vertices0CscGNtvOf38BJ_15rpc_integration
FNDA:0,_RNCNvMsi_NtCs1VabqvUvyvp_15rhizo_crypt_rpc7serviceNtB7_19RhizoCryptRpcClient15discard_session0CscGNtvOf38BJ_15rpc_integration
FNDA:0,_RNCNvMsi_NtCs1VabqvUvyvp_15rhizo_crypt_rpc7serviceNtB7_19RhizoCryptRpcClient15get_merkle_root0CscGNtvOf38BJ_15rpc_integration
FNDA:0,_RNCNvMsi_NtCs1VabqvUvyvp_15rhizo_crypt_rpc7serviceNtB7_19RhizoCryptRpcClient16get_merkle_proof0CscGNtvOf38BJ_15rpc_integration
FNDA:0,_RNCNvMsi_NtCs1VabqvUvyvp_15rhizo_crypt_rpc7serviceNtB7_19RhizoCryptRpcClient22get_dehydration_status0CscGNtvOf38BJ_15rpc_integration
FNDA:0,_RNCNvMsi_NtCs1VabqvUvyvp_15rhizo_crypt_rpc7serviceNtB7_19RhizoCryptRpcClient6health0CscGNtvOf38BJ_15rpc_integration
FNDA:0,_RNCNvMsi_NtCs1VabqvUvyvp_15rhizo_crypt_rpc7serviceNtB7_19RhizoCryptRpcClient7metrics0CscGNtvOf38BJ_15rpc_integration
FNDA:0,_RNCNvMsi_NtCs1VabqvUvyvp_15rhizo_crypt_rpc7serviceNtB7_19RhizoCryptRpcClient9dehydrate0CscGNtvOf38BJ_15rpc_integration
FNDA:0,_RNCNvMsi_NtCs1VabqvUvyvp_15rhizo_crypt_rpc7serviceNtB7_19RhizoCryptRpcClient9get_slice0CscGNtvOf38BJ_15rpc_integration
FNDA:1,_RNCNvXs_NtCs1VabqvUvyvp_15rhizo_crypt_rpc7serviceNtB6_19RhizoCryptRpcServerNtB6_13RhizoCryptRpc10get_vertex0CscGNtvOf38BJ_15rpc_integration
FNDA:1,_RNCNvXs_NtCs1VabqvUvyvp_15rhizo_crypt_rpc7serviceNtB6_19RhizoCryptRpcServerNtB6_13RhizoCryptRpc11get_genesis0CscGNtvOf38BJ_15rpc_integration
FNDA:2,_RNCNvXs_NtCs1VabqvUvyvp_15rhizo_crypt_rpc7serviceNtB6_19RhizoCryptRpcServerNtB6_13RhizoCryptRpc11get_session0CscGNtvOf38BJ_15rpc_integration
FNDA:1,_RNCNvXs_NtCs1VabqvUvyvp_15rhizo_crypt_rpc7serviceNtB6_19RhizoCryptRpcServerNtB6_13RhizoCryptRpc11list_slices0CscGNtvOf38BJ_15rpc_integration
FNDA:1,_RNCNvXs_NtCs1VabqvUvyvp_15rhizo_crypt_rpc7serviceNtB6_19RhizoCryptRpcServerNtB6_13RhizoCryptRpc12append_batch0CscGNtvOf38BJ_15rpc_integration
FNDA:11,_RNCNvXs_NtCs1VabqvUvyvp_15rhizo_crypt_rpc7serviceNtB6_19RhizoCryptRpcServerNtB6_13RhizoCryptRpc12append_event0CscGNtvOf38BJ_15rpc_integration
FNDA:1,_RNCNvXs_NtCs1VabqvUvyvp_15rhizo_crypt_rpc7serviceNtB6_19RhizoCryptRpcServerNtB6_13RhizoCryptRpc12get_children0CscGNtvOf38BJ_15rpc_integration
FNDA:1,_RNCNvXs_NtCs1VabqvUvyvp_15rhizo_crypt_rpc7serviceNtB6_19RhizoCryptRpcServerNtB6_13RhizoCryptRpc12get_frontier0CscGNtvOf38BJ_15rpc_integration
FNDA:1,_RNCNvXs_NtCs1VabqvUvyvp_15rhizo_crypt_rpc7serviceNtB6_19RhizoCryptRpcServerNtB6_13RhizoCryptRpc12verify_proof0CscGNtvOf38BJ_15rpc_integration
FNDA:3,_RNCNvXs_NtCs1VabqvUvyvp_15rhizo_crypt_rpc7serviceNtB6_19RhizoCryptRpcServerNtB6_13RhizoCryptRpc13list_sessions0CscGNtvOf38BJ_15rpc_integration
FNDA:0,_RNCNvXs_NtCs1VabqvUvyvp_15rhizo_crypt_rpc7serviceNtB6_19RhizoCryptRpcServerNtB6_13RhizoCryptRpc13resolve_slice0CscGNtvOf38BJ_15rpc_integration
FNDA:1,_RNCNvXs_NtCs1VabqvUvyvp_15rhizo_crypt_rpc7serviceNtB6_19RhizoCryptRpcServerNtB6_13RhizoCryptRpc14checkout_slice0CscGNtvOf38BJ_15rpc_integration
FNDA:9,_RNCNvXs_NtCs1VabqvUvyvp_15rhizo_crypt_rpc7serviceNtB6_19RhizoCryptRpcServerNtB6_13RhizoCryptRpc14create_session0CscGNtvOf38BJ_15rpc_integration
FNDA:2,_RNCNvXs_NtCs1VabqvUvyvp_15rhizo_crypt_rpc7serviceNtB6_19RhizoCryptRpcServerNtB6_13RhizoCryptRpc14query_vertices0CscGNtvOf38BJ_15rpc_integration
FNDA:1,_RNCNvXs_NtCs1VabqvUvyvp_15rhizo_crypt_rpc7serviceNtB6_19RhizoCryptRpcServerNtB6_13RhizoCryptRpc15discard_session0CscGNtvOf38BJ_15rpc_integration
FNDA:1,_RNCNvXs_NtCs1VabqvUvyvp_15rhizo_crypt_rpc7serviceNtB6_19RhizoCryptRpcServerNtB6_13RhizoCryptRpc15get_merkle_root0CscGNtvOf38BJ_15rpc_integration
FNDA:1,_RNCNvXs_NtCs1VabqvUvyvp_15rhizo_crypt_rpc7serviceNtB6_19RhizoCryptRpcServerNtB6_13RhizoCryptRpc16get_merkle_proof0CscGNtvOf38BJ_15rpc_integration
FNDA:2,_RNCNvXs_NtCs1VabqvUvyvp_15rhizo_crypt_rpc7serviceNtB6_19RhizoCryptRpcServerNtB6_13RhizoCryptRpc22get_dehydration_status0CscGNtvOf38BJ_15rpc_integration
FNDA:2,_RNCNvXs_NtCs1VabqvUvyvp_15rhizo_crypt_rpc7serviceNtB6_19RhizoCryptRpcServerNtB6_13RhizoCryptRpc6health0CscGNtvOf38BJ_15rpc_integration
FNDA:2,_RNCNvXs_NtCs1VabqvUvyvp_15rhizo_crypt_rpc7serviceNtB6_19RhizoCryptRpcServerNtB6_13RhizoCryptRpc7metrics0CscGNtvOf38BJ_15rpc_integration
FNDA:1,_RNCNvXs_NtCs1VabqvUvyvp_15rhizo_crypt_rpc7serviceNtB6_19RhizoCryptRpcServerNtB6_13RhizoCryptRpc9dehydrate0CscGNtvOf38BJ_15rpc_integration
FNDA:1,_RNCNvXs_NtCs1VabqvUvyvp_15rhizo_crypt_rpc7serviceNtB6_19RhizoCryptRpcServerNtB6_13RhizoCryptRpc9get_slice0CscGNtvOf38BJ_15rpc_integration
FNDA:10,_RNvYNtNtCs1VabqvUvyvp_15rhizo_crypt_rpc7service19RhizoCryptRpcServerNtB4_13RhizoCryptRpc5serveCscGNtvOf38BJ_15rpc_integration
FNDA:10,_RNvMNtCs1VabqvUvyvp_15rhizo_crypt_rpc7serviceNtB2_19RhizoCryptRpcServer3new
FNDA:4,_RNvNtCs1VabqvUvyvp_15rhizo_crypt_rpc7service15session_to_info
FNDA:1,_RNvXs_NtCs1VabqvUvyvp_15rhizo_crypt_rpc7serviceNtB4_19RhizoCryptRpcServerNtB4_13RhizoCryptRpc10get_vertex
FNDA:1,_RNvXs_NtCs1VabqvUvyvp_15rhizo_crypt_rpc7serviceNtB4_19RhizoCryptRpcServerNtB4_13RhizoCryptRpc11get_genesis
FNDA:2,_RNvXs_NtCs1VabqvUvyvp_15rhizo_crypt_rpc7serviceNtB4_19RhizoCryptRpcServerNtB4_13RhizoCryptRpc11get_session
FNDA:1,_RNvXs_NtCs1VabqvUvyvp_15rhizo_crypt_rpc7serviceNtB4_19RhizoCryptRpcServerNtB4_13RhizoCryptRpc11list_slices
FNDA:1,_RNvXs_NtCs1VabqvUvyvp_15rhizo_crypt_rpc7serviceNtB4_19RhizoCryptRpcServerNtB4_13RhizoCryptRpc12append_batch
FNDA:11,_RNvXs_NtCs1VabqvUvyvp_15rhizo_crypt_rpc7serviceNtB4_19RhizoCryptRpcServerNtB4_13RhizoCryptRpc12append_event
FNDA:1,_RNvXs_NtCs1VabqvUvyvp_15rhizo_crypt_rpc7serviceNtB4_19RhizoCryptRpcServerNtB4_13RhizoCryptRpc12get_children
FNDA:1,_RNvXs_NtCs1VabqvUvyvp_15rhizo_crypt_rpc7serviceNtB4_19RhizoCryptRpcServerNtB4_13RhizoCryptRpc12get_frontier
FNDA:1,_RNvXs_NtCs1VabqvUvyvp_15rhizo_crypt_rpc7serviceNtB4_19RhizoCryptRpcServerNtB4_13RhizoCryptRpc12verify_proof
FNDA:3,_RNvXs_NtCs1VabqvUvyvp_15rhizo_crypt_rpc7serviceNtB4_19RhizoCryptRpcServerNtB4_13RhizoCryptRpc13list_sessions
FNDA:0,_RNvXs_NtCs1VabqvUvyvp_15rhizo_crypt_rpc7serviceNtB4_19RhizoCryptRpcServerNtB4_13RhizoCryptRpc13resolve_slice
FNDA:1,_RNvXs_NtCs1VabqvUvyvp_15rhizo_crypt_rpc7serviceNtB4_19RhizoCryptRpcServerNtB4_13RhizoCryptRpc14checkout_slice
FNDA:9,_RNvXs_NtCs1VabqvUvyvp_15rhizo_crypt_rpc7serviceNtB4_19RhizoCryptRpcServerNtB4_13RhizoCryptRpc14create_session
FNDA:2,_RNvXs_NtCs1VabqvUvyvp_15rhizo_crypt_rpc7serviceNtB4_19RhizoCryptRpcServerNtB4_13RhizoCryptRpc14query_vertices
FNDA:1,_RNvXs_NtCs1VabqvUvyvp_15rhizo_crypt_rpc7serviceNtB4_19RhizoCryptRpcServerNtB4_13RhizoCryptRpc15discard_session
FNDA:1,_RNvXs_NtCs1VabqvUvyvp_15rhizo_crypt_rpc7serviceNtB4_19RhizoCryptRpcServerNtB4_13RhizoCryptRpc15get_merkle_root
FNDA:1,_RNvXs_NtCs1VabqvUvyvp_15rhizo_crypt_rpc7serviceNtB4_19RhizoCryptRpcServerNtB4_13RhizoCryptRpc16get_merkle_proof
FNDA:2,_RNvXs_NtCs1VabqvUvyvp_15rhizo_crypt_rpc7serviceNtB4_19RhizoCryptRpcServerNtB4_13RhizoCryptRpc22get_dehydration_status
FNDA:2,_RNvXs_NtCs1VabqvUvyvp_15rhizo_crypt_rpc7serviceNtB4_19RhizoCryptRpcServerNtB4_13RhizoCryptRpc6health
FNDA:2,_RNvXs_NtCs1VabqvUvyvp_15rhizo_crypt_rpc7serviceNtB4_19RhizoCryptRpcServerNtB4_13RhizoCryptRpc7metrics
FNDA:1,_RNvXs_NtCs1VabqvUvyvp_15rhizo_crypt_rpc7serviceNtB4_19RhizoCryptRpcServerNtB4_13RhizoCryptRpc9dehydrate
FNDA:1,_RNvXs_NtCs1VabqvUvyvp_15rhizo_crypt_rpc7serviceNtB4_19RhizoCryptRpcServerNtB4_13RhizoCryptRpc9get_slice
FNF:68
FNH:48
DA:144,20
DA:254,4
DA:255,4
DA:256,4
DA:257,4
DA:258,4
DA:259,4
DA:260,4
DA:261,4
DA:262,4
DA:263,4
DA:276,10
DA:277,10
DA:278,10
DA:279,10
DA:280,10
DA:281,10
DA:285,9
DA:286,9
DA:287,9
DA:288,9
DA:289,9
DA:290,9
DA:292,9
DA:293,2
DA:294,7
DA:296,9
DA:297,1
DA:298,8
DA:300,9
DA:301,0
DA:302,9
DA:304,9
DA:305,9
DA:306,9
DA:308,2
DA:309,2
DA:310,2
DA:311,2
DA:312,2
DA:313,2
DA:314,2
DA:315,2
DA:316,2
DA:317,2
DA:319,2
DA:320,2
DA:322,3
DA:323,3
DA:324,3
DA:325,3
DA:327,1
DA:328,1
DA:329,1
DA:330,1
DA:331,1
DA:332,1
DA:333,1
DA:335,11
DA:336,11
DA:337,11
DA:338,11
DA:339,11
DA:340,11
DA:342,11
DA:343,0
DA:344,11
DA:346,14
DA:347,3
DA:348,3
DA:350,11
DA:351,0
DA:352,0
DA:354,11
DA:355,11
DA:356,11
DA:357,11
DA:358,11
DA:359,11
DA:361,1
DA:362,1
DA:363,1
DA:364,1
DA:365,1
DA:366,1
DA:367,6
DA:368,5
DA:369,5
DA:370,0
DA:371,5
DA:372,5
DA:373,0
DA:374,0
DA:375,10
DA:376,5
DA:377,5
DA:378,5
DA:379,5
DA:380,5
DA:381,5
DA:382,5
DA:383,5
DA:384,5
DA:386,1
DA:387,1
DA:389,1
DA:390,1
DA:391,1
DA:392,1
DA:393,1
DA:394,1
DA:395,1
DA:396,1
DA:397,1
DA:398,1
DA:399,1
DA:401,1
DA:402,1
DA:403,1
DA:404,1
DA:405,1
DA:406,1
DA:407,1
DA:408,1
DA:409,1
DA:410,1
DA:411,1
DA:412,1
DA:414,1
DA:415,1
DA:416,1
DA:417,1
DA:418,1
DA:419,1
DA:420,1
DA:421,1
DA:422,1
DA:423,1
DA:424,1
DA:425,1
DA:427,2
DA:428,2
DA:429,2
DA:430,2
DA:431,2
DA:432,2
DA:433,2
DA:434,2
DA:435,2
DA:436,2
DA:437,2
DA:438,2
DA:439,2
DA:440,2
DA:442,1
DA:443,1
DA:444,1
DA:445,1
DA:446,1
DA:447,1
DA:448,1
DA:450,1
DA:451,1
DA:452,1
DA:453,1
DA:454,1
DA:456,1
DA:457,1
DA:458,1
DA:459,1
DA:460,1
DA:461,1
DA:462,1
DA:464,1
DA:465,1
DA:466,1
DA:467,1
DA:468,1
DA:469,1
DA:470,1
DA:471,1
DA:472,1
DA:473,1
DA:474,1
DA:476,1
DA:477,1
DA:478,1
DA:479,1
DA:480,1
DA:481,1
DA:489,1
DA:490,1
DA:491,1
DA:492,1
DA:493,0
DA:497,0
DA:498,1
DA:500,1
DA:501,1
DA:502,1
DA:503,1
DA:504,1
DA:508,1
DA:509,1
DA:510,1
DA:511,1
DA:512,1
DA:513,1
DA:514,1
DA:515,1
DA:516,1
DA:517,1
DA:518,1
DA:519,1
DA:520,1
DA:521,1
DA:522,1
DA:523,1
DA:524,1
DA:525,1
DA:527,1
DA:528,1
DA:529,1
DA:530,1
DA:531,1
DA:532,1
DA:533,1
DA:535,1
DA:536,1
DA:537,1
DA:538,1
DA:539,1
DA:540,1
DA:542,0
DA:543,0
DA:544,0
DA:545,0
DA:546,0
DA:547,0
DA:550,0
DA:551,0
DA:552,0
DA:553,0
DA:554,0
DA:556,1
DA:557,1
DA:558,1
DA:559,1
DA:560,1
DA:561,1
DA:562,1
DA:564,2
DA:565,2
DA:566,2
DA:567,2
DA:568,2
DA:569,2
DA:570,2
DA:572,2
DA:575,2
DA:576,2
DA:577,2
DA:579,2
DA:580,2
DA:581,2
DA:582,2
DA:583,2
DA:584,2
DA:585,2
DA:586,2
DA:588,2
DA:589,2
DA:590,2
DA:591,2
DA:592,2
DA:593,2
DA:594,2
DA:595,2
DA:596,2
DA:597,2
DA:598,2
DA:599,2
DA:608,1
DA:609,1
DA:610,1
DA:611,1
DA:612,1
DA:613,1
DA:614,1
DA:615,1
DA:616,1
DA:617,1
DA:618,1
DA:619,1
DA:620,1
DA:621,1
DA:622,1
DA:625,1
DA:626,1
DA:627,1
DA:628,1
DA:629,1
DA:630,1
DA:631,1
DA:632,1
DA:633,1
DA:634,1
DA:635,1
DA:636,1
DA:637,1
DA:638,1
DA:639,1
BRF:0
BRH:0
LF:353
LH:314
end_of_record